#
# A fatal error has been detected by the Java Runtime Environment:
#
#  SIGSEGV (0xb) at pc=0x000000010309afdb, pid=6583, tid=14851
#
# JRE version: Java(TM) SE Runtime Environment (14.0.1+7) (build 14.0.1+7)
# Java VM: Java HotSpot(TM) 64-Bit Server VM (14.0.1+7, mixed mode, sharing, tiered, compressed oops, g1 gc, bsd-amd64)
# Problematic frame:
# V  [libjvm.dylib+0x29afdb]  G1ConcurrentMark::mark_in_next_bitmap(unsigned int, HeapRegion*, oopDesc*)+0xb7
#
# No core dump will be written. Core dumps have been disabled. To enable core dumping, try "ulimit -c unlimited" before starting Java again
#
# If you would like to submit a bug report, please visit:
#   https://bugreport.java.com/bugreport/crash.jsp
#

---------------  S U M M A R Y ------------

Command Line: -Dclassworlds.conf=/usr/local/Cellar/maven/3.6.3_1/libexec/bin/m2.conf -Dmaven.home=/usr/local/Cellar/maven/3.6.3_1/libexec -Dlibrary.jansi.path=/usr/local/Cellar/maven/3.6.3_1/libexec/lib/jansi-native -Dmaven.multiModuleProjectDirectory=/Users/everton/Documents/_Work/desafioStefa/desafioStefanini org.codehaus.plexus.classworlds.launcher.Launcher -Dtest=br.com.desafio.stefanini.desafiostefanini.bean.PessoaBeanTest,test.java.br.com.desafio.stefanini.desafiostefanini.bean.PessoaBeanTestTest -Dmaven.ext.class.path=/Applications/NetBeans/Apache NetBeans 12.0.app/Contents/Resources/NetBeans/netbeans/java/maven-nblib/netbeans-eventspy.jar test-compile surefire:test

Host: Macmini5,1 x86_64 2300 MHz, 4 cores, 8G, Darwin 17.7.0
Time: Tue Aug 11 18:25:05 2020 -03 elapsed time: 7 seconds (0d 0h 0m 7s)

---------------  T H R E A D  ---------------

Current thread (0x00007fdf46001800):  ConcurrentGCThread "G1 Conc#0" [stack: 0x000070000c2c3000,0x000070000c3c3000] [id=14851]

Stack: [0x000070000c2c3000,0x000070000c3c3000],  sp=0x000070000c3c2d10,  free space=1023k
Native frames: (J=compiled Java code, A=aot compiled Java code, j=interpreted, Vv=VM code, C=native code)
V  [libjvm.dylib+0x29afdb]  G1ConcurrentMark::mark_in_next_bitmap(unsigned int, HeapRegion*, oopDesc*)+0xb7
V  [libjvm.dylib+0x2b0c1c]  void G1RootRegionScanClosure::do_oop_work<unsigned int>(unsigned int*)+0x4a
V  [libjvm.dylib+0x2b1e03]  void OopOopIterateDispatch<G1RootRegionScanClosure>::Table::oop_oop_iterate<InstanceKlass, unsigned int>(G1RootRegionScanClosure*, oopDesc*, Klass*)+0x7f
V  [libjvm.dylib+0x2acfc9]  int oopDesc::oop_iterate_size<G1RootRegionScanClosure>(G1RootRegionScanClosure*)+0xaf
V  [libjvm.dylib+0x2acf02]  G1ConcurrentMark::scan_root_region(MemRegion const*, unsigned int)+0x66
V  [libjvm.dylib+0x2b0c79]  G1CMRootRegionScanTask::work(unsigned int)+0x5b
V  [libjvm.dylib+0x76979d]  GangWorker::loop()+0x43
V  [libjvm.dylib+0x6eadcf]  Thread::call_run()+0x71
V  [libjvm.dylib+0x5e97a0]  thread_native_entry(Thread*)+0x129
C  [libsystem_pthread.dylib+0x3661]  _pthread_body+0x154
C  [libsystem_pthread.dylib+0x350d]  _pthread_body+0x0
C  [libsystem_pthread.dylib+0x2bf9]  thread_start+0xd


siginfo: si_signo: 11 (SIGSEGV), si_code: 1 (SEGV_MAPERR), si_addr: 0x000000097a549890

Register to memory mapping:

RAX=0x00000001036fde18: _ZN23CompressedKlassPointers13_narrow_klassE+0 in /Library/Java/JavaVirtualMachines/jdk-14.0.1.jdk/Contents/Home/lib/server/libjvm.dylib at 0x0000000102e00000
RBX=0x00000000000042c1 is an unknown value
RCX=0x0000000010000003 is an unknown value
RDX=0x0000000000001001 is an unknown value
RSP=0x000070000c3c2d10 points into unknown readable memory: cc 22 28 82 07 00 00 00
RBP=0x000070000c3c2d30 points into unknown readable memory: 40 2d 3c 0c 00 70 00 00
RSI=0x0000000104d81608 points into unknown readable memory: 00 10 00 10 00 00 00 00
RDI=0x000000097a549888 is an unknown value
R8 =0x00007fdf45021800 points into unknown readable memory: 00 20 03 45 df 7f 00 00
R9 =0x00007fdf44c113d0 points into unknown readable memory: d0 06 6e 03 01 00 00 00
R10=0x0000000000000003 is an unknown value
R11=0x0000000000000246 is an unknown value
R12=0x0000000780858260 is pointing into object: sun.nio.fs.UnixPath 
{0x0000000780858248} - klass: 'sun/nio/fs/UnixPath'
R13=0x0000000800d3f438 is a pointer to class: 
com.sun.tools.javac.code.Type$JCPrimitiveType {0x0000000800d3f438}
R14=0x0 is NULL
R15=0x00007fdf45021800 points into unknown readable memory: 00 20 03 45 df 7f 00 00


Registers:
RAX=0x00000001036fde18, RBX=0x00000000000042c1, RCX=0x0000000010000003, RDX=0x0000000000001001
RSP=0x000070000c3c2d10, RBP=0x000070000c3c2d30, RSI=0x0000000104d81608, RDI=0x000000097a549888
R8 =0x00007fdf45021800, R9 =0x00007fdf44c113d0, R10=0x0000000000000003, R11=0x0000000000000246
R12=0x0000000780858260, R13=0x0000000800d3f438, R14=0x0000000000000000, R15=0x00007fdf45021800
RIP=0x000000010309afdb, EFLAGS=0x0000000000010206, ERR=0x0000000000000004
  TRAPNO=0x000000000000000e

Top of Stack: (sp=0x000070000c3c2d10)
0x000070000c3c2d10:   00000007822822cc 000070000c3c2dc0
0x000070000c3c2d20:   00000007822822dc 0000000800d3f430
0x000070000c3c2d30:   000070000c3c2d40 00000001030b0c1c
0x000070000c3c2d40:   000070000c3c2d80 00000001030b1e03
0x000070000c3c2d50:   00000007822822b8 0000000000000005
0x000070000c3c2d60:   0000000800d3eee8 0000000000000000
0x000070000c3c2d70:   000070000c3c2dc0 00000007822822b8
0x000070000c3c2d80:   000070000c3c2db0 00000001030acfc9
0x000070000c3c2d90:   00000007822822b8 0000000782300000
0x000070000c3c2da0:   000070000c3c2dc0 0000000000000240
0x000070000c3c2db0:   000070000c3c2e10 00000001030acf02
0x000070000c3c2dc0:   00000001036dca80 0000000000000000
0x000070000c3c2dd0:   0000700000000003 00007fdf46804000
0x000070000c3c2de0:   00007fdf45021800 0000000100000000
0x000070000c3c2df0:   00007fdf45021800 00007fdf450218d0
0x000070000c3c2e00:   0000000000000000 000070000c2bfc90
0x000070000c3c2e10:   000070000c3c2e40 00000001030b0c79
0x000070000c3c2e20:   000070000c2bfc90 0000000000000000
0x000070000c3c2e30:   000070000c3c2e58 00007fdf46001800
0x000070000c3c2e40:   000070000c3c2e80 000000010356979d
0x000070000c3c2e50:   00007fdf46001800 00007fdfffffffff
0x000070000c3c2e60:   00007fdf46001800 00007fdf44f06180
0x000070000c3c2e70:   00007fdf46001800 0000000000000001
0x000070000c3c2e80:   000070000c3c2ea0 00000001034eadcf
0x000070000c3c2e90:   0000000000000000 00007fdf44f06120
0x000070000c3c2ea0:   000070000c3c2ef0 00000001033e97a0
0x000070000c3c2eb0:   00000000002114ea 000070000c3c30e0
0x000070000c3c2ec0:   000070000c3c3180 0000000600000000
0x000070000c3c2ed0:   000070000c3c3000 00000001033e9677
0x000070000c3c2ee0:   000070000c3c3000 0000000000000000
0x000070000c3c2ef0:   000070000c3c2f20 00007fff5f2a9661
0x000070000c3c2f00:   0000000000000001 000070000c3c3000 

Instructions: (pc=0x000000010309afdb)
0x000000010309aedb:   33 00 90 55 48 89 e5 48 8b 47 08 48 83 c0 28 31
0x000000010309aeeb:   d2 48 89 f7 48 89 c6 5d e9 1a 30 33 00 55 48 89
0x000000010309aefb:   e5 48 8d 05 bd f0 6b 00 80 38 00 48 8d 05 97 57
0x000000010309af0b:   03 00 48 8d 0d f0 56 03 00 48 0f 44 c8 48 89 0d
0x000000010309af1b:   71 38 66 00 5d ff e1 90 90 55 48 89 e5 41 57 41
0x000000010309af2b:   56 41 54 53 49 89 cc 41 89 f6 49 89 ff 4c 39 a2
0x000000010309af3b:   d8 00 00 00 76 66 49 8b 9f a0 00 00 00 48 8b 03
0x000000010309af4b:   48 89 df 4c 89 e6 ff 10 4c 89 e0 48 2b 43 08 48
0x000000010309af5b:   c1 e8 03 8a 4b 18 48 d3 e8 48 8b 73 20 48 89 c3
0x000000010309af6b:   48 c1 eb 06 ba 01 00 00 00 89 c1 48 d3 e2 48 8b
0x000000010309af7b:   0c de 48 89 d7 48 09 cf 48 39 cf 74 1f 48 8d 34
0x000000010309af8b:   de 48 89 c8 f0 48 0f b1 3e 48 39 c8 74 19 48 89
0x000000010309af9b:   c7 48 09 d7 48 89 c1 48 39 c7 75 e5 31 c0 5b 41
0x000000010309afab:   5c 41 5e 41 5f 5d c3 48 8d 05 08 f0 6b 00 8a 10
0x000000010309afbb:   84 d2 74 17 41 8b 7c 24 08 48 8d 05 4d 2e 66 00
0x000000010309afcb:   8a 48 08 48 d3 e7 48 03 38 eb 05 49 8b 7c 24 08
0x000000010309afdb:   8b 47 08 85 c0 7e 09 a8 01 75 07 c1 e8 03 eb 46
0x000000010309afeb:   78 0e 48 8b 07 4c 89 e6 ff 90 f8 00 00 00 eb 36
0x000000010309affb:   31 c9 84 d2 0f 94 c1 49 63 54 8c 0c 89 c1 48 d3
0x000000010309b00b:   e2 c1 e8 10 0f b6 c8 48 01 d1 48 8d 05 e8 48 66
0x000000010309b01b:   00 48 63 00 48 8d 4c 08 ff 48 ff c8 48 f7 d0 48
0x000000010309b02b:   21 c8 48 c1 e8 03 48 98 49 8b 8f 10 03 00 00 44
0x000000010309b03b:   89 f2 48 8b 14 d1 48 8b 4a 18 48 8b 72 48 4c 2b
0x000000010309b04b:   61 10 48 8d 0d 6c f4 6b 00 8a 09 49 d3 ec 8b 4a
0x000000010309b05b:   68 44 21 e1 48 c1 e1 04 8b 3c 0e 44 39 e7 75 0b
0x000000010309b06b:   48 ff 42 58 48 8d 4c 0e 08 eb 2c 4c 8d 04 0e 48
0x000000010309b07b:   8d 4c 0e 08 48 8b 31 48 85 f6 74 0d 48 8b 5a 38
0x000000010309b08b:   48 8d 3c fb f0 48 0f c1 37 48 c7 01 00 00 00 00
0x000000010309b09b:   45 89 20 48 ff 42 60 48 01 01 b0 01 e9 fd fe ff
0x000000010309b0ab:   ff 55 48 89 e5 48 8d 05 09 ef 6b 00 80 38 00 48
0x000000010309b0bb:   8d 05 4f 69 01 00 48 8d 0d 34 69 01 00 48 0f 44
0x000000010309b0cb:   c8 48 89 0d c5 36 66 00 5d ff e1 90 90 55 48 89 


Stack slot to memory mapping:
stack at sp + 0 slots: 0x00000007822822cc is pointing into object: com.sun.tools.javac.code.Type$MethodType 
{0x00000007822822b8} - klass: 'com/sun/tools/javac/code/Type$MethodType'
stack at sp + 1 slots: 0x000070000c3c2dc0 points into unknown readable memory: 80 ca 6d 03 01 00 00 00
stack at sp + 2 slots: 0x00000007822822dc is pointing into object: com.sun.tools.javac.code.Type$MethodType 
{0x00000007822822b8} - klass: 'com/sun/tools/javac/code/Type$MethodType'
stack at sp + 3 slots: 0x0000000800d3f430 is pointing into metadata
stack at sp + 4 slots: 0x000070000c3c2d40 points into unknown readable memory: 80 2d 3c 0c 00 70 00 00
stack at sp + 5 slots: 0x00000001030b0c1c: _ZN23G1RootRegionScanClosure11do_oop_workIjEEvPT_+0x4a in /Library/Java/JavaVirtualMachines/jdk-14.0.1.jdk/Contents/Home/lib/server/libjvm.dylib at 0x0000000102e00000
stack at sp + 6 slots: 0x000070000c3c2d80 points into unknown readable memory: b0 2d 3c 0c 00 70 00 00
stack at sp + 7 slots: 0x00000001030b1e03: _ZN21OopOopIterateDispatchI23G1RootRegionScanClosureE5Table15oop_oop_iterateI13InstanceKlassjEEvPS0_P7oopDescP5Klass+0x7f in /Library/Java/JavaVirtualMachines/jdk-14.0.1.jdk/Contents/Home/lib/server/libjvm.dylib at 0x0000000102e00000


---------------  P R O C E S S  ---------------

Threads class SMR info:
_java_thread_list=0x00007fdf47239530, length=11, elements={
0x00007fdf45807800, 0x00007fdf46017000, 0x00007fdf45050800, 0x00007fdf4584a800,
0x00007fdf45076000, 0x00007fdf4682b000, 0x00007fdf45079000, 0x00007fdf4584b800,
0x00007fdf46829000, 0x00007fdf4584e000, 0x00007fdf4617b000
}

Java Threads: ( => current thread )
  0x00007fdf45807800 JavaThread "main" [_thread_in_Java, id=8707, stack(0x0000000102459000,0x0000000102559000)]
  0x00007fdf46017000 JavaThread "Reference Handler" daemon [_thread_blocked, id=16131, stack(0x000070000c6cf000,0x000070000c7cf000)]
  0x00007fdf45050800 JavaThread "Finalizer" daemon [_thread_blocked, id=16643, stack(0x000070000c7d2000,0x000070000c8d2000)]
  0x00007fdf4584a800 JavaThread "Signal Dispatcher" daemon [_thread_blocked, id=17927, stack(0x000070000c8d5000,0x000070000c9d5000)]
  0x00007fdf45076000 JavaThread "Service Thread" daemon [_thread_blocked, id=42755, stack(0x000070000c9d8000,0x000070000cad8000)]
  0x00007fdf4682b000 JavaThread "C2 CompilerThread0" daemon [_thread_in_native, id=23043, stack(0x000070000cadb000,0x000070000cbdb000)]
  0x00007fdf45079000 JavaThread "C1 CompilerThread0" daemon [_thread_in_native, id=23299, stack(0x000070000cbde000,0x000070000ccde000)]
  0x00007fdf4584b800 JavaThread "Sweeper thread" daemon [_thread_blocked, id=41219, stack(0x000070000cce1000,0x000070000cde1000)]
  0x00007fdf46829000 JavaThread "Notification Thread" daemon [_thread_blocked, id=24067, stack(0x000070000cde4000,0x000070000cee4000)]
  0x00007fdf4584e000 JavaThread "Common-Cleaner" daemon [_thread_blocked, id=40195, stack(0x000070000cfea000,0x000070000d0ea000)]
  0x00007fdf4617b000 JavaThread "C2 CompilerThread1" daemon [_thread_in_native, id=24839, stack(0x000070000d0ed000,0x000070000d1ed000)]

Other Threads:
  0x00007fdf45849800 VMThread "VM Thread" [stack: 0x000070000c5cc000,0x000070000c6cc000] [id=19459]
  0x00007fdf46829800 WatcherThread [stack: 0x000070000cee7000,0x000070000cfe7000] [id=40707]
  0x00007fdf45021000 GCTaskThread "GC Thread#0" [stack: 0x000070000c0bd000,0x000070000c1bd000] [id=13827]
  0x00007fdf45171800 GCTaskThread "GC Thread#1" [stack: 0x000070000d1f0000,0x000070000d2f0000] [id=39171]
  0x00007fdf469b6800 GCTaskThread "GC Thread#2" [stack: 0x000070000d2f3000,0x000070000d3f3000] [id=25091]
  0x00007fdf45032000 ConcurrentGCThread "G1 Main Marker" [stack: 0x000070000c1c0000,0x000070000c2c0000] [id=14339]
=>0x00007fdf46001800 ConcurrentGCThread "G1 Conc#0" [stack: 0x000070000c2c3000,0x000070000c3c3000] [id=14851]
  0x00007fdf46013000 ConcurrentGCThread "G1 Refine#0" [stack: 0x000070000c3c6000,0x000070000c4c6000] [id=15363]
  0x00007fdf45830000 ConcurrentGCThread "G1 Young RemSet Sampling" [stack: 0x000070000c4c9000,0x000070000c5c9000] [id=19971]

Threads with active compile tasks:
C2 CompilerThread0     7366 4385   !   4       java.nio.file.FileTreeWalker::visit (204 bytes)
C1 CompilerThread0     7366 4748   !   2       java.nio.file.Files::walkFileTree (295 bytes)
C2 CompilerThread1     7366 4384   !   4       java.nio.file.FileTreeWalker::next (144 bytes)

VM state:not at safepoint (normal execution)

VM Mutex/Monitor currently owned by a thread: None

Heap address: 0x0000000780000000, size: 2048 MB, Compressed Oops mode: Zero based, Oop shift amount: 3
Narrow klass base: 0x0000000800000000, Narrow klass shift: 3
Compressed class space size: 1073741824 Address: 0x0000000800b05000

Heap:
 garbage-first heap   total 64512K, used 29343K [0x0000000780000000, 0x0000000800000000)
  region size 1024K, 4 young (4096K), 2 survivors (2048K)
 Metaspace       used 23576K, capacity 24204K, committed 24444K, reserved 1071104K
  class space    used 2710K, capacity 2929K, committed 2940K, reserved 1048576K
Heap Regions: E=young(eden), S=young(survivor), O=old, HS=humongous(starts), HC=humongous(continues), CS=collection set, F=free, OA=open archive, CA=closed archive, TAMS=top-at-mark-start (previous, next)
|   0|0x0000000780000000, 0x0000000780100000, 0x0000000780100000|100%| O|  |TAMS 0x0000000780100000, 0x0000000780100000| Untracked 
|   1|0x0000000780100000, 0x0000000780200000, 0x0000000780200000|100%| O|  |TAMS 0x0000000780200000, 0x0000000780200000| Untracked 
|   2|0x0000000780200000, 0x0000000780300000, 0x0000000780300000|100%| O|  |TAMS 0x0000000780271200, 0x0000000780300000| Untracked 
|   3|0x0000000780300000, 0x0000000780400000, 0x0000000780400000|100%| O|  |TAMS 0x0000000780300000, 0x0000000780400000| Untracked 
|   4|0x0000000780400000, 0x0000000780500000, 0x0000000780500000|100%| O|  |TAMS 0x0000000780400000, 0x0000000780500000| Untracked 
|   5|0x0000000780500000, 0x0000000780600000, 0x0000000780600000|100%| O|  |TAMS 0x0000000780500000, 0x0000000780600000| Untracked 
|   6|0x0000000780600000, 0x0000000780700000, 0x0000000780700000|100%| O|  |TAMS 0x0000000780600000, 0x0000000780700000| Untracked 
|   7|0x0000000780700000, 0x0000000780728400, 0x0000000780800000| 15%| O|  |TAMS 0x0000000780700000, 0x0000000780728400| Untracked 
|   8|0x0000000780800000, 0x0000000780900000, 0x0000000780900000|100%| O|  |TAMS 0x0000000780800000, 0x0000000780900000| Untracked 
|   9|0x0000000780900000, 0x0000000780a00000, 0x0000000780a00000|100%| O|  |TAMS 0x0000000780900000, 0x0000000780a00000| Untracked 
|  10|0x0000000780a00000, 0x0000000780b00000, 0x0000000780b00000|100%| O|  |TAMS 0x0000000780a00000, 0x0000000780b00000| Untracked 
|  11|0x0000000780b00000, 0x0000000780c00000, 0x0000000780c00000|100%| O|  |TAMS 0x0000000780b00000, 0x0000000780c00000| Untracked 
|  12|0x0000000780c00000, 0x0000000780d00000, 0x0000000780d00000|100%| O|  |TAMS 0x0000000780c00000, 0x0000000780d00000| Untracked 
|  13|0x0000000780d00000, 0x0000000780e00000, 0x0000000780e00000|100%| O|  |TAMS 0x0000000780d00000, 0x0000000780e00000| Untracked 
|  14|0x0000000780e00000, 0x0000000780f00000, 0x0000000780f00000|100%| O|  |TAMS 0x0000000780e00000, 0x0000000780f00000| Untracked 
|  15|0x0000000780f00000, 0x0000000781000000, 0x0000000781000000|100%| O|  |TAMS 0x0000000780f00000, 0x0000000781000000| Untracked 
|  16|0x0000000781000000, 0x0000000781100000, 0x0000000781100000|100%| O|  |TAMS 0x0000000781000000, 0x000000078102d000| Untracked 
|  17|0x0000000781100000, 0x0000000781200000, 0x0000000781200000|100%| O|  |TAMS 0x0000000781100000, 0x0000000781100000| Untracked 
|  18|0x0000000781200000, 0x0000000781300000, 0x0000000781300000|100%| O|  |TAMS 0x0000000781200000, 0x0000000781300000| Untracked 
|  19|0x0000000781300000, 0x0000000781400000, 0x0000000781400000|100%| O|  |TAMS 0x0000000781300000, 0x0000000781400000| Untracked 
|  20|0x0000000781400000, 0x0000000781500000, 0x0000000781500000|100%| O|  |TAMS 0x0000000781400000, 0x0000000781500000| Untracked 
|  21|0x0000000781500000, 0x0000000781600000, 0x0000000781600000|100%| O|  |TAMS 0x0000000781500000, 0x0000000781600000| Untracked 
|  22|0x0000000781600000, 0x0000000781700000, 0x0000000781700000|100%| O|  |TAMS 0x0000000781600000, 0x0000000781600000| Untracked 
|  23|0x0000000781700000, 0x00000007817b3800, 0x0000000781800000| 70%| O|  |TAMS 0x0000000781700000, 0x0000000781700000| Untracked 
|  24|0x0000000781800000, 0x0000000781800000, 0x0000000781900000|  0%| F|  |TAMS 0x0000000781800000, 0x0000000781800000| Untracked 
|  25|0x0000000781900000, 0x0000000781900000, 0x0000000781a00000|  0%| F|  |TAMS 0x0000000781900000, 0x0000000781900000| Untracked 
|  26|0x0000000781a00000, 0x0000000781a00000, 0x0000000781b00000|  0%| F|  |TAMS 0x0000000781a00000, 0x0000000781a00000| Untracked 
|  27|0x0000000781b00000, 0x0000000781b00000, 0x0000000781c00000|  0%| F|  |TAMS 0x0000000781b00000, 0x0000000781b00000| Untracked 
|  28|0x0000000781c00000, 0x0000000781c00000, 0x0000000781d00000|  0%| F|  |TAMS 0x0000000781c00000, 0x0000000781c00000| Untracked 
|  29|0x0000000781d00000, 0x0000000781d00000, 0x0000000781e00000|  0%| F|  |TAMS 0x0000000781d00000, 0x0000000781d00000| Untracked 
|  30|0x0000000781e00000, 0x0000000781e00000, 0x0000000781f00000|  0%| F|  |TAMS 0x0000000781e00000, 0x0000000781e00000| Untracked 
|  31|0x0000000781f00000, 0x0000000781f00000, 0x0000000782000000|  0%| F|  |TAMS 0x0000000781f00000, 0x0000000781f00000| Untracked 
|  32|0x0000000782000000, 0x0000000782000000, 0x0000000782100000|  0%| F|  |TAMS 0x0000000782000000, 0x0000000782000000| Untracked 
|  33|0x0000000782100000, 0x0000000782200000, 0x0000000782200000|100%| S|CS|TAMS 0x0000000782100000, 0x0000000782100000| Complete 
|  34|0x0000000782200000, 0x0000000782300000, 0x0000000782300000|100%| S|CS|TAMS 0x0000000782200000, 0x0000000782200000| Complete 
|  35|0x0000000782300000, 0x0000000782300000, 0x0000000782400000|  0%| F|  |TAMS 0x0000000782300000, 0x0000000782300000| Untracked 
|  36|0x0000000782400000, 0x0000000782400000, 0x0000000782500000|  0%| F|  |TAMS 0x0000000782400000, 0x0000000782400000| Untracked 
|  37|0x0000000782500000, 0x0000000782500000, 0x0000000782600000|  0%| F|  |TAMS 0x0000000782500000, 0x0000000782500000| Untracked 
|  38|0x0000000782600000, 0x0000000782600000, 0x0000000782700000|  0%| F|  |TAMS 0x0000000782600000, 0x0000000782600000| Untracked 
|  39|0x0000000782700000, 0x0000000782700000, 0x0000000782800000|  0%| F|  |TAMS 0x0000000782700000, 0x0000000782700000| Untracked 
|  40|0x0000000782800000, 0x0000000782800000, 0x0000000782900000|  0%| F|  |TAMS 0x0000000782800000, 0x0000000782800000| Untracked 
|  41|0x0000000782900000, 0x0000000782900000, 0x0000000782a00000|  0%| F|  |TAMS 0x0000000782900000, 0x0000000782900000| Untracked 
|  42|0x0000000782a00000, 0x0000000782a00000, 0x0000000782b00000|  0%| F|  |TAMS 0x0000000782a00000, 0x0000000782a00000| Untracked 
|  43|0x0000000782b00000, 0x0000000782b00000, 0x0000000782c00000|  0%| F|  |TAMS 0x0000000782b00000, 0x0000000782b00000| Untracked 
|  44|0x0000000782c00000, 0x0000000782c00000, 0x0000000782d00000|  0%| F|  |TAMS 0x0000000782c00000, 0x0000000782c00000| Untracked 
|  45|0x0000000782d00000, 0x0000000782d00000, 0x0000000782e00000|  0%| F|  |TAMS 0x0000000782d00000, 0x0000000782d00000| Untracked 
|  46|0x0000000782e00000, 0x0000000782e00000, 0x0000000782f00000|  0%| F|  |TAMS 0x0000000782e00000, 0x0000000782e00000| Untracked 
|  47|0x0000000782f00000, 0x0000000782f00000, 0x0000000783000000|  0%| F|  |TAMS 0x0000000782f00000, 0x0000000782f00000| Untracked 
|  48|0x0000000783000000, 0x0000000783000000, 0x0000000783100000|  0%| F|  |TAMS 0x0000000783000000, 0x0000000783000000| Untracked 
|  49|0x0000000783100000, 0x0000000783100000, 0x0000000783200000|  0%| F|  |TAMS 0x0000000783100000, 0x0000000783100000| Untracked 
|  50|0x0000000783200000, 0x0000000783200000, 0x0000000783300000|  0%| F|  |TAMS 0x0000000783200000, 0x0000000783200000| Untracked 
|  51|0x0000000783300000, 0x0000000783300000, 0x0000000783400000|  0%| F|  |TAMS 0x0000000783300000, 0x0000000783300000| Untracked 
|  52|0x0000000783400000, 0x0000000783400000, 0x0000000783500000|  0%| F|  |TAMS 0x0000000783400000, 0x0000000783400000| Untracked 
|  53|0x0000000783500000, 0x0000000783500000, 0x0000000783600000|  0%| F|  |TAMS 0x0000000783500000, 0x0000000783500000| Untracked 
| 103|0x0000000786700000, 0x0000000786700000, 0x0000000786800000|  0%| F|  |TAMS 0x0000000786700000, 0x0000000786700000| Untracked 
| 104|0x0000000786800000, 0x0000000786800000, 0x0000000786900000|  0%| F|  |TAMS 0x0000000786800000, 0x0000000786800000| Untracked 
| 105|0x0000000786900000, 0x0000000786900000, 0x0000000786a00000|  0%| F|  |TAMS 0x0000000786900000, 0x0000000786900000| Untracked 
| 106|0x0000000786a00000, 0x0000000786ab76d8, 0x0000000786b00000| 71%| E|  |TAMS 0x0000000786a00000, 0x0000000786a00000| Complete 
| 153|0x0000000789900000, 0x0000000789a00000, 0x0000000789a00000|100%| E|CS|TAMS 0x0000000789900000, 0x0000000789900000| Complete 
|1022|0x00000007bfe00000, 0x00000007bfe51000, 0x00000007bff00000| 31%|OA|  |TAMS 0x00000007bfe51000, 0x00000007bfe51000| Untracked 
|1023|0x00000007bff00000, 0x00000007bff7b000, 0x00000007c0000000| 48%|CA|  |TAMS 0x00000007bff7b000, 0x00000007bff7b000| Untracked 
|2046|0x00000007ffe00000, 0x00000007fff00000, 0x00000007fff00000|100%| O|  |TAMS 0x00000007ffe00000, 0x00000007fff00000| Untracked 
|2047|0x00000007fff00000, 0x0000000800000000, 0x0000000800000000|100%| O|  |TAMS 0x00000007fff00000, 0x0000000800000000| Untracked 

Card table byte_map: [0x0000000104560000,0x0000000104960000] _byte_map_base: 0x0000000100960000

Marking Bits (Prev, Next): (CMBitMap*) 0x00007fdf45021858, (CMBitMap*) 0x00007fdf45021818
 Prev Bits: [0x0000000106d60000, 0x0000000108d60000)
 Next Bits: [0x0000000104d60000, 0x0000000106d60000)

Polling page: 0x0000000102567000

Metaspace:

Usage:
  Non-class:     20.78 MB capacity,    20.38 MB ( 98%) used,   359.70 KB (  2%) free+waste,    46.50 KB ( <1%) overhead. 
      Class:      2.86 MB capacity,     2.65 MB ( 93%) used,   197.19 KB (  7%) free+waste,    21.56 KB ( <1%) overhead. 
       Both:     23.64 MB capacity,    23.03 MB ( 97%) used,   556.89 KB (  2%) free+waste,    68.06 KB ( <1%) overhead. 

Virtual space:
  Non-class space:       22.00 MB reserved,      21.00 MB ( 95%) committed 
      Class space:        1.00 GB reserved,       2.87 MB ( <1%) committed 
             Both:        1.02 GB reserved,      23.87 MB (  2%) committed 

Chunk freelists:
   Non-Class:  4.00 KB
       Class:  0 bytes
        Both:  4.00 KB

MaxMetaspaceSize: unlimited
CompressedClassSpaceSize: 1.00 GB

CodeHeap 'non-profiled nmethods': size=120032Kb used=2055Kb max_used=2055Kb free=117976Kb
 bounds [0x000000011b462000, 0x000000011b6d2000, 0x000000012299a000]
CodeHeap 'profiled nmethods': size=120028Kb used=10209Kb max_used=10209Kb free=109818Kb
 bounds [0x0000000113f2b000, 0x000000011492b000, 0x000000011b462000]
CodeHeap 'non-nmethods': size=5700Kb used=1227Kb max_used=1288Kb free=4472Kb
 bounds [0x000000011399a000, 0x0000000113c0a000, 0x0000000113f2b000]
 total_blobs=6165 nmethods=4679 adapters=411
 compilation: enabled
              stopped_count=0, restarted_count=0
 full_count=0

Compilation events (20 events):
Event: 7.299 Thread 0x00007fdf45079000 nmethod 4718 0x000000011490f310 code [0x000000011490f4c0, 0x000000011490f6c0]
Event: 7.299 Thread 0x00007fdf45079000 4719       2       com.sun.tools.javac.code.Types$16::visitClassType (10 bytes)
Event: 7.300 Thread 0x00007fdf45079000 nmethod 4719 0x000000011490f810 code [0x000000011490f9a0, 0x000000011490fb60]
Event: 7.300 Thread 0x00007fdf45079000 4720       2       com.sun.tools.javac.code.Types$16::visitClassType (122 bytes)
Event: 7.301 Thread 0x00007fdf45079000 nmethod 4720 0x000000011490fc90 code [0x000000011490fee0, 0x00000001149105d0]
Event: 7.301 Thread 0x00007fdf45079000 4723       2       com.sun.tools.javac.code.Scope::<init> (21 bytes)
Event: 7.302 Thread 0x00007fdf45079000 nmethod 4723 0x0000000114910a90 code [0x0000000114910c20, 0x0000000114910ed0]
Event: 7.302 Thread 0x00007fdf45079000 4722       2       com.sun.tools.javac.comp.Resolve::findMemberType (33 bytes)
Event: 7.302 Thread 0x00007fdf45079000 nmethod 4722 0x0000000114910f90 code [0x0000000114911140, 0x00000001149112f0]
Event: 7.302 Thread 0x00007fdf45079000 4717       2       com.sun.tools.javac.tree.JCTree$JCVariableDecl::isImplicitlyTyped (13 bytes)
Event: 7.303 Thread 0x00007fdf45079000 nmethod 4717 0x0000000114911410 code [0x00000001149115a0, 0x00000001149116d0]
Event: 7.303 Thread 0x00007fdf45079000 4725       2       java.lang.invoke.Invokers$Holder::linkToTargetMethod (11 bytes)
Event: 7.303 Thread 0x00007fdf45079000 nmethod 4725 0x0000000114911790 code [0x0000000114911940, 0x0000000114911ab0]
Event: 7.303 Thread 0x00007fdf45079000 4726       2       java.lang.invoke.DirectMethodHandle$Holder::invokeStatic (18 bytes)
Event: 7.303 Thread 0x00007fdf45079000 nmethod 4726 0x0000000114911b90 code [0x0000000114911d40, 0x0000000114911e90]
Event: 7.303 Thread 0x00007fdf45079000 4727       1       com.sun.tools.javac.tree.JCTree$JCImport::isStatic (5 bytes)
Event: 7.303 Thread 0x00007fdf45079000 nmethod 4727 0x000000011b663410 code [0x000000011b6635a0, 0x000000011b663670]
Event: 7.303 Thread 0x00007fdf45079000 4728       2       java.lang.reflect.AccessibleObject::checkCanSetAccessible (9 bytes)
Event: 7.304 Thread 0x00007fdf45079000 nmethod 4728 0x0000000114911f90 code [0x0000000114912120, 0x0000000114912240]
Event: 7.304 Thread 0x00007fdf45079000 4729       2       java.lang.reflect.AccessibleObject::checkCanSetAccessible (386 bytes)

GC Heap History (20 events):
Event: 1.485 GC heap before
{Heap before GC invocations=1 (full 0):
 garbage-first heap   total 133120K, used 20720K [0x0000000780000000, 0x0000000800000000)
  region size 1024K, 19 young (19456K), 2 survivors (2048K)
 Metaspace       used 5730K, capacity 8238K, committed 8448K, reserved 1056768K
  class space    used 693K, capacity 960K, committed 1024K, reserved 1048576K
}
Event: 1.490 GC heap after
{Heap after GC invocations=2 (full 0):
 garbage-first heap   total 133120K, used 4003K [0x0000000780000000, 0x0000000800000000)
  region size 1024K, 1 young (1024K), 1 survivors (1024K)
 Metaspace       used 5730K, capacity 8238K, committed 8448K, reserved 1056768K
  class space    used 693K, capacity 960K, committed 1024K, reserved 1048576K
}
Event: 4.027 GC heap before
{Heap before GC invocations=2 (full 0):
 garbage-first heap   total 133120K, used 80803K [0x0000000780000000, 0x0000000800000000)
  region size 1024K, 76 young (77824K), 1 survivors (1024K)
 Metaspace       used 13352K, capacity 15160K, committed 15488K, reserved 1062912K
  class space    used 1555K, capacity 1800K, committed 1920K, reserved 1048576K
}
Event: 4.042 GC heap after
{Heap after GC invocations=3 (full 0):
 garbage-first heap   total 133120K, used 8238K [0x0000000780000000, 0x0000000800000000)
  region size 1024K, 5 young (5120K), 5 survivors (5120K)
 Metaspace       used 13352K, capacity 15160K, committed 15488K, reserved 1062912K
  class space    used 1555K, capacity 1800K, committed 1920K, reserved 1048576K
}
Event: 5.141 GC heap before
{Heap before GC invocations=3 (full 0):
 garbage-first heap   total 133120K, used 79918K [0x0000000780000000, 0x0000000800000000)
  region size 1024K, 76 young (77824K), 5 survivors (5120K)
 Metaspace       used 16196K, capacity 17705K, committed 18048K, reserved 1064960K
  class space    used 1863K, capacity 2101K, committed 2176K, reserved 1048576K
}
Event: 5.159 GC heap after
{Heap after GC invocations=4 (full 0):
 garbage-first heap   total 133120K, used 10989K [0x0000000780000000, 0x0000000800000000)
  region size 1024K, 8 young (8192K), 8 survivors (8192K)
 Metaspace       used 16196K, capacity 17705K, committed 18048K, reserved 1064960K
  class space    used 1863K, capacity 2101K, committed 2176K, reserved 1048576K
}
Event: 5.474 GC heap before
{Heap before GC invocations=4 (full 0):
 garbage-first heap   total 133120K, used 30445K [0x0000000780000000, 0x0000000800000000)
  region size 1024K, 29 young (29696K), 8 survivors (8192K)
 Metaspace       used 19695K, capacity 21004K, committed 21248K, reserved 1069056K
  class space    used 2312K, capacity 2523K, committed 2560K, reserved 1048576K
}
Event: 5.494 GC heap after
{Heap after GC invocations=5 (full 0):
 garbage-first heap   total 159744K, used 11629K [0x0000000780000000, 0x0000000800000000)
  region size 1024K, 4 young (4096K), 4 survivors (4096K)
 Metaspace       used 19695K, capacity 21004K, committed 21248K, reserved 1069056K
  class space    used 2312K, capacity 2523K, committed 2560K, reserved 1048576K
}
Event: 6.381 GC heap before
{Heap before GC invocations=6 (full 0):
 garbage-first heap   total 51200K, used 37229K [0x0000000780000000, 0x0000000800000000)
  region size 1024K, 30 young (30720K), 4 survivors (4096K)
 Metaspace       used 22674K, capacity 23309K, committed 23676K, reserved 1071104K
  class space    used 2634K, capacity 2804K, committed 2940K, reserved 1048576K
}
Event: 6.402 GC heap after
{Heap after GC invocations=7 (full 0):
 garbage-first heap   total 53248K, used 19761K [0x0000000780000000, 0x0000000800000000)
  region size 1024K, 4 young (4096K), 4 survivors (4096K)
 Metaspace       used 22674K, capacity 23309K, committed 23676K, reserved 1071104K
  class space    used 2634K, capacity 2804K, committed 2940K, reserved 1048576K
}
Event: 6.491 GC heap before
{Heap before GC invocations=7 (full 0):
 garbage-first heap   total 53248K, used 36145K [0x0000000780000000, 0x0000000800000000)
  region size 1024K, 21 young (21504K), 4 survivors (4096K)
 Metaspace       used 22677K, capacity 23311K, committed 23676K, reserved 1071104K
  class space    used 2635K, capacity 2806K, committed 2940K, reserved 1048576K
}
Event: 6.502 GC heap after
{Heap after GC invocations=8 (full 0):
 garbage-first heap   total 53248K, used 21346K [0x0000000780000000, 0x0000000800000000)
  region size 1024K, 1 young (1024K), 1 survivors (1024K)
 Metaspace       used 22677K, capacity 23311K, committed 23676K, reserved 1071104K
  class space    used 2635K, capacity 2806K, committed 2940K, reserved 1048576K
}
Event: 6.561 GC heap before
{Heap before GC invocations=8 (full 0):
 garbage-first heap   total 53248K, used 37730K [0x0000000780000000, 0x0000000800000000)
  region size 1024K, 18 young (18432K), 1 survivors (1024K)
 Metaspace       used 22678K, capacity 23311K, committed 23676K, reserved 1071104K
  class space    used 2635K, capacity 2806K, committed 2940K, reserved 1048576K
}
Event: 6.565 GC heap after
{Heap after GC invocations=9 (full 0):
 garbage-first heap   total 53248K, used 22198K [0x0000000780000000, 0x0000000800000000)
  region size 1024K, 2 young (2048K), 2 survivors (2048K)
 Metaspace       used 22678K, capacity 23311K, committed 23676K, reserved 1071104K
  class space    used 2635K, capacity 2806K, committed 2940K, reserved 1048576K
}
Event: 6.657 GC heap before
{Heap before GC invocations=9 (full 0):
 garbage-first heap   total 53248K, used 37558K [0x0000000780000000, 0x0000000800000000)
  region size 1024K, 18 young (18432K), 2 survivors (2048K)
 Metaspace       used 22692K, capacity 23311K, committed 23676K, reserved 1071104K
  class space    used 2635K, capacity 2806K, committed 2940K, reserved 1048576K
}
Event: 6.663 GC heap after
{Heap after GC invocations=10 (full 0):
 garbage-first heap   total 53248K, used 23301K [0x0000000780000000, 0x0000000800000000)
  region size 1024K, 3 young (3072K), 3 survivors (3072K)
 Metaspace       used 22692K, capacity 23311K, committed 23676K, reserved 1071104K
  class space    used 2635K, capacity 2806K, committed 2940K, reserved 1048576K
}
Event: 7.018 GC heap before
{Heap before GC invocations=10 (full 0):
 garbage-first heap   total 53248K, used 38661K [0x0000000780000000, 0x0000000800000000)
  region size 1024K, 18 young (18432K), 3 survivors (3072K)
 Metaspace       used 23304K, capacity 23918K, committed 24188K, reserved 1071104K
  class space    used 2705K, capacity 2922K, committed 2940K, reserved 1048576K
}
Event: 7.028 GC heap after
{Heap after GC invocations=11 (full 0):
 garbage-first heap   total 53248K, used 25733K [0x0000000780000000, 0x0000000800000000)
  region size 1024K, 3 young (3072K), 3 survivors (3072K)
 Metaspace       used 23304K, capacity 23918K, committed 24188K, reserved 1071104K
  class space    used 2705K, capacity 2922K, committed 2940K, reserved 1048576K
}
Event: 7.306 GC heap before
{Heap before GC invocations=11 (full 0):
 garbage-first heap   total 53248K, used 39045K [0x0000000780000000, 0x0000000800000000)
  region size 1024K, 16 young (16384K), 3 survivors (3072K)
 Metaspace       used 23545K, capacity 24201K, committed 24444K, reserved 1071104K
  class space    used 2709K, capacity 2928K, committed 2940K, reserved 1048576K
}
Event: 7.322 GC heap after
{Heap after GC invocations=12 (full 0):
 garbage-first heap   total 64512K, used 28319K [0x0000000780000000, 0x0000000800000000)
  region size 1024K, 2 young (2048K), 2 survivors (2048K)
 Metaspace       used 23545K, capacity 24201K, committed 24444K, reserved 1071104K
  class space    used 2709K, capacity 2928K, committed 2940K, reserved 1048576K
}

Deoptimization events (20 events):
Event: 7.267 Thread 0x00007fdf45807800 DEOPT PACKING pc=0x00000001148c0139 sp=0x0000000102555ee0
Event: 7.267 Thread 0x00007fdf45807800 DEOPT UNPACKING pc=0x00000001139e333a sp=0x0000000102555378 mode 0
Event: 7.269 Thread 0x00007fdf45807800 DEOPT PACKING pc=0x00000001148c0139 sp=0x00000001025560c0
Event: 7.269 Thread 0x00007fdf45807800 DEOPT UNPACKING pc=0x00000001139e333a sp=0x0000000102555558 mode 0
Event: 7.269 Thread 0x00007fdf45807800 DEOPT PACKING pc=0x00000001148c18d8 sp=0x0000000102556060
Event: 7.269 Thread 0x00007fdf45807800 DEOPT UNPACKING pc=0x00000001139e333a sp=0x0000000102555510 mode 0
Event: 7.276 Thread 0x00007fdf45807800 DEOPT PACKING pc=0x00000001148c0139 sp=0x0000000102555b00
Event: 7.276 Thread 0x00007fdf45807800 DEOPT UNPACKING pc=0x00000001139e333a sp=0x0000000102554f98 mode 0
Event: 7.282 Thread 0x00007fdf45807800 DEOPT PACKING pc=0x00000001148c0139 sp=0x0000000102555490
Event: 7.282 Thread 0x00007fdf45807800 DEOPT UNPACKING pc=0x00000001139e333a sp=0x0000000102554928 mode 0
Event: 7.287 Thread 0x00007fdf45807800 DEOPT PACKING pc=0x00000001148c0139 sp=0x0000000102555520
Event: 7.287 Thread 0x00007fdf45807800 DEOPT UNPACKING pc=0x00000001139e333a sp=0x00000001025549b8 mode 0
Event: 7.291 Thread 0x00007fdf45807800 DEOPT PACKING pc=0x00000001148c0139 sp=0x00000001025558f0
Event: 7.291 Thread 0x00007fdf45807800 DEOPT UNPACKING pc=0x00000001139e333a sp=0x0000000102554d88 mode 0
Event: 7.294 Thread 0x00007fdf45807800 DEOPT PACKING pc=0x00000001148c18d8 sp=0x0000000102555da0
Event: 7.294 Thread 0x00007fdf45807800 DEOPT UNPACKING pc=0x00000001139e333a sp=0x0000000102555250 mode 0
Event: 7.298 Thread 0x00007fdf45807800 DEOPT PACKING pc=0x00000001148c0139 sp=0x00000001025560c0
Event: 7.298 Thread 0x00007fdf45807800 DEOPT UNPACKING pc=0x00000001139e333a sp=0x0000000102555558 mode 0
Event: 7.305 Thread 0x00007fdf45807800 DEOPT PACKING pc=0x00000001148c0139 sp=0x0000000102554fe0
Event: 7.305 Thread 0x00007fdf45807800 DEOPT UNPACKING pc=0x00000001139e333a sp=0x0000000102554478 mode 0

Classes unloaded (0 events):
No events

Classes redefined (0 events):
No events

Internal exceptions (17 events):
Event: 0.254 Thread 0x00007fdf45807800 Exception <a 'java/lang/NoSuchMethodError'{0x0000000787d68960}: 'int java.lang.invoke.DirectMethodHandle$Holder.invokeSpecialIFC(java.lang.Object, java.lang.Object, int)'> (0x0000000787d68960) 
thrown [./open/src/hotspot/share/interpreter/linkResolver.cpp, line 766]
Event: 2.364 Thread 0x00007fdf45807800 Exception <a 'java/lang/NoClassDefFoundError'{0x000000078624f058}: com/google/inject/servlet/ServletModuleTargetVisitor> (0x000000078624f058) 
thrown [./open/src/hotspot/share/classfile/systemDictionary.cpp, line 215]
Event: 2.364 Thread 0x00007fdf45807800 Exception <a 'java/lang/NoClassDefFoundError'{0x0000000786251cb8}: javax/annotation/Priority> (0x0000000786251cb8) 
thrown [./open/src/hotspot/share/classfile/systemDictionary.cpp, line 215]
Event: 3.280 Thread 0x00007fdf45807800 Implicit null exception at 0x000000011b4ed3c5 to 0x000000011b4ed80c
Event: 3.872 Thread 0x00007fdf45807800 Implicit null exception at 0x000000011b4d1357 to 0x000000011b4d15a8
Event: 5.064 Thread 0x00007fdf45807800 Exception <a 'java/lang/NoSuchMethodError'{0x0000000785ad90f8}: 'java.lang.Object java.lang.invoke.DirectMethodHandle$Holder.invokeVirtual(java.lang.Object, java.lang.Object, java.lang.Object)'> (0x0000000785ad90f8) 
thrown [./open/src/hotspot/share/interpreter/linkResolver.cpp, line 766]
Event: 5.065 Thread 0x00007fdf45807800 Exception <a 'java/lang/NoSuchMethodError'{0x0000000785adf378}: 'int java.lang.invoke.DirectMethodHandle$Holder.invokeInterface(java.lang.Object, java.lang.Object)'> (0x0000000785adf378) 
thrown [./open/src/hotspot/share/interpreter/linkResolver.cpp, line 766]
Event: 5.217 Thread 0x00007fdf45807800 Exception <a 'java/lang/NoSuchMethodError'{0x0000000786d3fd08}: 'void java.lang.invoke.DirectMethodHandle$Holder.invokeSpecial(java.lang.Object, java.lang.Object, java.lang.Object, java.lang.Object)'> (0x0000000786d3fd08) 
thrown [./open/src/hotspot/share/interpreter/linkResolver.cpp, line 766]
Event: 5.218 Thread 0x00007fdf45807800 Exception <a 'java/lang/NoSuchMethodError'{0x0000000786d48ab8}: 'int java.lang.invoke.DirectMethodHandle$Holder.invokeVirtual(java.lang.Object, java.lang.Object, java.lang.Object)'> (0x0000000786d48ab8) 
thrown [./open/src/hotspot/share/interpreter/linkResolver.cpp, line 766]
Event: 5.356 Thread 0x00007fdf45807800 Exception <a 'java/lang/NoSuchMethodError'{0x0000000786cb95e0}: 'int java.lang.invoke.DirectMethodHandle$Holder.invokeStaticInit(java.lang.Object, java.lang.Object)'> (0x0000000786cb95e0) 
thrown [./open/src/hotspot/share/interpreter/linkResolver.cpp, line 766]
Event: 5.515 Thread 0x00007fdf45807800 Exception <a 'java/lang/NoSuchMethodError'{0x000000078990cd10}: 'int java.lang.invoke.DirectMethodHandle$Holder.invokeVirtual(java.lang.Object, java.lang.Object)'> (0x000000078990cd10) 
thrown [./open/src/hotspot/share/interpreter/linkResolver.cpp, line 766]
Event: 5.541 Thread 0x00007fdf45807800 Exception <a 'java/lang/NoSuchMethodError'{0x0000000789939a58}: 'java.lang.Object java.lang.invoke.Invokers$Holder.linkToTargetMethod(java.lang.Object, java.lang.Object, java.lang.Object, java.lang.Object, java.lang.Object, java.lang.Object)'> (0x0000000789939a58) 
thrown [./open/src/hotspot/share/interpreter/linkResolver.cpp, line 766]
Event: 6.742 Thread 0x00007fdf45807800 Exception <a 'java/lang/NoSuchMethodError'{0x00000007868d6a38}: 'int java.lang.invoke.DirectMethodHandle$Holder.invokeSpecial(java.lang.Object, java.lang.Object, java.lang.Object, java.lang.Object, java.lang.Object)'> (0x00000007868d6a38) 
thrown [./open/src/hotspot/share/interpreter/linkResolver.cpp, line 766]
Event: 6.872 Thread 0x00007fdf45807800 Exception <a 'java/lang/NoSuchMethodError'{0x0000000782876ce0}: 'java.lang.Object java.lang.invoke.DirectMethodHandle$Holder.invokeStatic(java.lang.Object, java.lang.Object, int, int)'> (0x0000000782876ce0) 
thrown [./open/src/hotspot/share/interpreter/linkResolver.cpp, line 766]
Event: 6.875 Thread 0x00007fdf45807800 Exception <a 'java/lang/NoSuchMethodError'{0x000000078287cdb8}: 'java.lang.Object java.lang.invoke.DirectMethodHandle$Holder.invokeVirtual(java.lang.Object, java.lang.Object, java.lang.Object, int, int)'> (0x000000078287cdb8) 
thrown [./open/src/hotspot/share/interpreter/linkResolver.cpp, line 766]
Event: 6.898 Thread 0x00007fdf45807800 Exception <a 'java/lang/NoSuchMethodError'{0x00000007828c54c0}: 'java.lang.Object java.lang.invoke.DirectMethodHandle$Holder.invokeVirtual(java.lang.Object, java.lang.Object, int)'> (0x00000007828c54c0) 
thrown [./open/src/hotspot/share/interpreter/linkResolver.cpp, line 766]
Event: 6.930 Thread 0x00007fdf45807800 Exception <a 'java/lang/NoSuchMethodError'{0x0000000782741710}: 'void java.lang.invoke.DirectMethodHandle$Holder.invokeSpecial(java.lang.Object, java.lang.Object, java.lang.Object, java.lang.Object, java.lang.Object)'> (0x0000000782741710) 
thrown [./open/src/hotspot/share/interpreter/linkResolver.cpp, line 766]

Events (20 events):
Event: 6.784 loading class java/util/stream/StreamSpliterators$AbstractWrappingSpliterator done
Event: 6.784 loading class java/util/stream/StreamSpliterators$WrappingSpliterator done
Event: 6.784 loading class jdk/internal/jrtfs/JrtDirectoryStream$1
Event: 6.784 loading class jdk/internal/jrtfs/JrtDirectoryStream$1 done
Event: 6.784 loading class java/util/stream/SpinedBuffer
Event: 6.784 loading class java/util/stream/AbstractSpinedBuffer
Event: 6.784 loading class java/util/stream/AbstractSpinedBuffer done
Event: 6.784 loading class java/util/stream/SpinedBuffer done
Event: 6.785 loading class java/util/function/BooleanSupplier
Event: 6.785 loading class java/util/function/BooleanSupplier done
Event: 6.786 loading class jdk/internal/jrtfs/JrtFileAttributes
Event: 6.786 loading class jdk/internal/jrtfs/JrtFileAttributes done
Event: 6.849 loading class java/nio/file/FileTreeWalker$1
Event: 6.849 loading class java/nio/file/FileTreeWalker$1 done
Event: 6.942 Executing VM operation: HandshakeAllThreads
Event: 6.942 Executing VM operation: HandshakeAllThreads done
Event: 7.018 Executing VM operation: G1CollectForAllocation
Event: 7.028 Executing VM operation: G1CollectForAllocation done
Event: 7.305 Executing VM operation: G1CollectForAllocation
Event: 7.322 Executing VM operation: G1CollectForAllocation done


Dynamic libraries:
0x00007fff5ed79000 	/usr/lib/libz.1.dylib
0x0000000102427000 	/Library/Java/JavaVirtualMachines/jdk-14.0.1.jdk/Contents/Home/lib/libjli.dylib
0x00007fff36756000 	/System/Library/Frameworks/Cocoa.framework/Versions/A/Cocoa
0x00007fff42db9000 	/System/Library/Frameworks/Security.framework/Versions/A/Security
0x00007fff35394000 	/System/Library/Frameworks/ApplicationServices.framework/Versions/A/ApplicationServices
0x00007fff5cc27000 	/usr/lib/libSystem.B.dylib
0x00007fff5ee27000 	/usr/lib/system/libcache.dylib
0x00007fff5ee2c000 	/usr/lib/system/libcommonCrypto.dylib
0x00007fff5ee37000 	/usr/lib/system/libcompiler_rt.dylib
0x00007fff5ee3f000 	/usr/lib/system/libcopyfile.dylib
0x00007fff5ee49000 	/usr/lib/system/libcorecrypto.dylib
0x00007fff5ef56000 	/usr/lib/system/libdispatch.dylib
0x00007fff5ef90000 	/usr/lib/system/libdyld.dylib
0x00007fff5efae000 	/usr/lib/system/libkeymgr.dylib
0x00007fff5efbc000 	/usr/lib/system/liblaunch.dylib
0x00007fff5efbd000 	/usr/lib/system/libmacho.dylib
0x00007fff5efc2000 	/usr/lib/system/libquarantine.dylib
0x00007fff5efc5000 	/usr/lib/system/libremovefile.dylib
0x00007fff5efc7000 	/usr/lib/system/libsystem_asl.dylib
0x00007fff5efdf000 	/usr/lib/system/libsystem_blocks.dylib
0x00007fff5efe0000 	/usr/lib/system/libsystem_c.dylib
0x00007fff5f06a000 	/usr/lib/system/libsystem_configuration.dylib
0x00007fff5f06e000 	/usr/lib/system/libsystem_coreservices.dylib
0x00007fff5f072000 	/usr/lib/system/libsystem_darwin.dylib
0x00007fff5f074000 	/usr/lib/system/libsystem_dnssd.dylib
0x00007fff5f07b000 	/usr/lib/system/libsystem_info.dylib
0x00007fff5f0ec000 	/usr/lib/system/libsystem_m.dylib
0x00007fff5f138000 	/usr/lib/system/libsystem_malloc.dylib
0x00007fff5f158000 	/usr/lib/system/libsystem_network.dylib
0x00007fff5f289000 	/usr/lib/system/libsystem_networkextension.dylib
0x00007fff5f294000 	/usr/lib/system/libsystem_notify.dylib
0x00007fff5f2b2000 	/usr/lib/system/libsystem_sandbox.dylib
0x00007fff5f2b6000 	/usr/lib/system/libsystem_secinit.dylib
0x00007fff5f0c5000 	/usr/lib/system/libsystem_kernel.dylib
0x00007fff5f29e000 	/usr/lib/system/libsystem_platform.dylib
0x00007fff5f2a6000 	/usr/lib/system/libsystem_pthread.dylib
0x00007fff5f2b8000 	/usr/lib/system/libsystem_symptoms.dylib
0x00007fff5f2c0000 	/usr/lib/system/libsystem_trace.dylib
0x00007fff5f2d6000 	/usr/lib/system/libunwind.dylib
0x00007fff5f2dc000 	/usr/lib/system/libxpc.dylib
0x00007fff5c6ed000 	/usr/lib/closure/libclosured.dylib
0x00007fff5e362000 	/usr/lib/libobjc.A.dylib
0x00007fff5cf36000 	/usr/lib/libc++abi.dylib
0x00007fff5cedf000 	/usr/lib/libc++.1.dylib
0x00007fff36f17000 	/System/Library/Frameworks/CoreFoundation.framework/Versions/A/CoreFoundation
0x00007fff39093000 	/System/Library/Frameworks/Foundation.framework/Versions/C/Foundation
0x00007fff344e4000 	/System/Library/Frameworks/AppKit.framework/Versions/C/AppKit
0x00007fff36ace000 	/System/Library/Frameworks/CoreData.framework/Versions/A/CoreData
0x00007fff564da000 	/System/Library/PrivateFrameworks/RemoteViewServices.framework/Versions/A/RemoteViewServices
0x00007fff5ac58000 	/System/Library/PrivateFrameworks/UIFoundation.framework/Versions/A/UIFoundation
0x00007fff4b2d2000 	/System/Library/PrivateFrameworks/DFRFoundation.framework/Versions/A/DFRFoundation
0x00007fff3b718000 	/System/Library/Frameworks/Metal.framework/Versions/A/Metal
0x00007fff4b46f000 	/System/Library/PrivateFrameworks/DesktopServicesPriv.framework/Versions/A/DesktopServicesPriv
0x00007fff5d8af000 	/usr/lib/libenergytrace.dylib
0x00007fff58cc2000 	/System/Library/PrivateFrameworks/SkyLight.framework/Versions/A/SkyLight
0x00007fff373b5000 	/System/Library/Frameworks/CoreGraphics.framework/Versions/A/CoreGraphics
0x00007fff5cc22000 	/usr/lib/libScreenReader.dylib
0x00007fff331f6000 	/System/Library/Frameworks/Accelerate.framework/Versions/A/Accelerate
0x00007fff3980e000 	/System/Library/Frameworks/IOSurface.framework/Versions/A/IOSurface
0x00007fff358df000 	/System/Library/Frameworks/AudioToolbox.framework/Versions/A/AudioToolbox
0x00007fff35b6f000 	/System/Library/Frameworks/AudioUnit.framework/Versions/A/AudioUnit
0x00007fff4b36a000 	/System/Library/PrivateFrameworks/DataDetectorsCore.framework/Versions/A/DataDetectorsCore
0x00007fff36249000 	/System/Library/Frameworks/Carbon.framework/Versions/A/Frameworks/HIToolbox.framework/Versions/A/HIToolbox
0x00007fff5da09000 	/usr/lib/libicucore.A.dylib
0x00007fff42335000 	/System/Library/Frameworks/QuartzCore.framework/Versions/A/QuartzCore
0x00007fff57f63000 	/System/Library/PrivateFrameworks/SignpostNotification.framework/Versions/A/SignpostNotification
0x00007fff3662f000 	/System/Library/Frameworks/Carbon.framework/Versions/A/Frameworks/SpeechRecognition.framework/Versions/A/SpeechRecognition
0x00007fff5ce05000 	/usr/lib/libauto.dylib
0x00007fff5ec68000 	/usr/lib/libxml2.2.dylib
0x00007fff4af22000 	/System/Library/PrivateFrameworks/CoreUI.framework/Versions/A/CoreUI
0x00007fff369aa000 	/System/Library/Frameworks/CoreAudio.framework/Versions/A/CoreAudio
0x00007fff38ecd000 	/System/Library/Frameworks/DiskArbitration.framework/Versions/A/DiskArbitration
0x00007fff5dc7d000 	/usr/lib/liblangid.dylib
0x00007fff529de000 	/System/Library/PrivateFrameworks/MultitouchSupport.framework/Versions/A/MultitouchSupport
0x00007fff39771000 	/System/Library/Frameworks/IOKit.framework/Versions/A/IOKit
0x00007fff5c8b1000 	/usr/lib/libDiagnosticMessagesClient.dylib
0x00007fff380aa000 	/System/Library/Frameworks/CoreServices.framework/Versions/A/CoreServices
0x00007fff54516000 	/System/Library/PrivateFrameworks/PerformanceAnalysis.framework/Versions/A/PerformanceAnalysis
0x00007fff414d2000 	/System/Library/Frameworks/OpenGL.framework/Versions/A/OpenGL
0x00007fff36764000 	/System/Library/Frameworks/ColorSync.framework/Versions/A/ColorSync
0x00007fff379e6000 	/System/Library/Frameworks/CoreImage.framework/Versions/A/CoreImage
0x00007fff38a3b000 	/System/Library/Frameworks/CoreText.framework/Versions/A/CoreText
0x00007fff3986c000 	/System/Library/Frameworks/ImageIO.framework/Versions/A/ImageIO
0x00007fff47bcc000 	/System/Library/PrivateFrameworks/Backup.framework/Versions/A/Backup
0x00007fff5ccd3000 	/usr/lib/libarchive.2.dylib
0x00007fff35e92000 	/System/Library/Frameworks/CFNetwork.framework/Versions/A/CFNetwork
0x00007fff4354c000 	/System/Library/Frameworks/SystemConfiguration.framework/Versions/A/SystemConfiguration
0x00007fff5c7da000 	/usr/lib/libCRFSuite.dylib
0x00007fff5cec0000 	/usr/lib/libbsm.0.dylib
0x00007fff5efaf000 	/usr/lib/system/libkxld.dylib
0x00007fff5caeb000 	/usr/lib/libOpenScriptingUtil.dylib
0x00007fff5d22f000 	/usr/lib/libcoretls.dylib
0x00007fff5d248000 	/usr/lib/libcoretls_cfhelpers.dylib
0x00007fff5e766000 	/usr/lib/libpam.2.dylib
0x00007fff5e891000 	/usr/lib/libsqlite3.dylib
0x00007fff5ec57000 	/usr/lib/libxar.1.dylib
0x00007fff5ced1000 	/usr/lib/libbz2.1.0.dylib
0x00007fff5dc7f000 	/usr/lib/liblzma.5.dylib
0x00007fff5e160000 	/usr/lib/libnetwork.dylib
0x00007fff5ccbc000 	/usr/lib/libapple_nghttp2.dylib
0x00007fff5e76d000 	/usr/lib/libpcap.A.dylib
0x00007fff5ce06000 	/usr/lib/libboringssl.dylib
0x00007fff5ebf2000 	/usr/lib/libusrtcp.dylib
0x00007fff5ccbb000 	/usr/lib/libapple_crypto.dylib
0x00007fff3842d000 	/System/Library/Frameworks/CoreServices.framework/Versions/A/Frameworks/FSEvents.framework/Versions/A/FSEvents
0x00007fff38120000 	/System/Library/Frameworks/CoreServices.framework/Versions/A/Frameworks/CarbonCore.framework/Versions/A/CarbonCore
0x00007fff385f5000 	/System/Library/Frameworks/CoreServices.framework/Versions/A/Frameworks/Metadata.framework/Versions/A/Metadata
0x00007fff386a6000 	/System/Library/Frameworks/CoreServices.framework/Versions/A/Frameworks/OSServices.framework/Versions/A/OSServices
0x00007fff38707000 	/System/Library/Frameworks/CoreServices.framework/Versions/A/Frameworks/SearchKit.framework/Versions/A/SearchKit
0x00007fff380ab000 	/System/Library/Frameworks/CoreServices.framework/Versions/A/Frameworks/AE.framework/Versions/A/AE
0x00007fff38436000 	/System/Library/Frameworks/CoreServices.framework/Versions/A/Frameworks/LaunchServices.framework/Versions/A/LaunchServices
0x00007fff383f8000 	/System/Library/Frameworks/CoreServices.framework/Versions/A/Frameworks/DictionaryServices.framework/Versions/A/DictionaryServices
0x00007fff38776000 	/System/Library/Frameworks/CoreServices.framework/Versions/A/Frameworks/SharedFileList.framework/Versions/A/SharedFileList
0x00007fff3c94e000 	/System/Library/Frameworks/NetFS.framework/Versions/A/NetFS
0x00007fff52c6f000 	/System/Library/PrivateFrameworks/NetAuth.framework/Versions/A/NetAuth
0x00007fff5c584000 	/System/Library/PrivateFrameworks/login.framework/Versions/A/Frameworks/loginsupport.framework/Versions/A/loginsupport
0x00007fff5a8d5000 	/System/Library/PrivateFrameworks/TCC.framework/Versions/A/TCC
0x00007fff5dd60000 	/usr/lib/libmecabra.dylib
0x00007fff35395000 	/System/Library/Frameworks/ApplicationServices.framework/Versions/A/Frameworks/ATS.framework/Versions/A/ATS
0x00007fff35744000 	/System/Library/Frameworks/ApplicationServices.framework/Versions/A/Frameworks/ColorSyncLegacy.framework/Versions/A/ColorSyncLegacy
0x00007fff357e8000 	/System/Library/Frameworks/ApplicationServices.framework/Versions/A/Frameworks/HIServices.framework/Versions/A/HIServices
0x00007fff3583b000 	/System/Library/Frameworks/ApplicationServices.framework/Versions/A/Frameworks/LangAnalysis.framework/Versions/A/LangAnalysis
0x00007fff3584a000 	/System/Library/Frameworks/ApplicationServices.framework/Versions/A/Frameworks/PrintCore.framework/Versions/A/PrintCore
0x00007fff35897000 	/System/Library/Frameworks/ApplicationServices.framework/Versions/A/Frameworks/QD.framework/Versions/A/QD
0x00007fff358d2000 	/System/Library/Frameworks/ApplicationServices.framework/Versions/A/Frameworks/SpeechSynthesis.framework/Versions/A/SpeechSynthesis
0x00007fff36e33000 	/System/Library/Frameworks/CoreDisplay.framework/Versions/A/CoreDisplay
0x00007fff3320f000 	/System/Library/Frameworks/Accelerate.framework/Versions/A/Frameworks/vImage.framework/Versions/A/vImage
0x00007fff341f0000 	/System/Library/Frameworks/Accelerate.framework/Versions/A/Frameworks/vecLib.framework/Versions/A/vecLib
0x00007fff33fc5000 	/System/Library/Frameworks/Accelerate.framework/Versions/A/Frameworks/vecLib.framework/Versions/A/libvDSP.dylib
0x00007fff33aff000 	/System/Library/Frameworks/Accelerate.framework/Versions/A/Frameworks/vecLib.framework/Versions/A/libBNNS.dylib
0x00007fff33f2b000 	/System/Library/Frameworks/Accelerate.framework/Versions/A/Frameworks/vecLib.framework/Versions/A/libQuadrature.dylib
0x00007fff34139000 	/System/Library/Frameworks/Accelerate.framework/Versions/A/Frameworks/vecLib.framework/Versions/A/libvMisc.dylib
0x00007fff33b3a000 	/System/Library/Frameworks/Accelerate.framework/Versions/A/Frameworks/vecLib.framework/Versions/A/libLAPACK.dylib
0x00007fff3395e000 	/System/Library/Frameworks/Accelerate.framework/Versions/A/Frameworks/vecLib.framework/Versions/A/libBLAS.dylib
0x00007fff33f14000 	/System/Library/Frameworks/Accelerate.framework/Versions/A/Frameworks/vecLib.framework/Versions/A/libLinearAlgebra.dylib
0x00007fff33f31000 	/System/Library/Frameworks/Accelerate.framework/Versions/A/Frameworks/vecLib.framework/Versions/A/libSparse.dylib
0x00007fff33fb2000 	/System/Library/Frameworks/Accelerate.framework/Versions/A/Frameworks/vecLib.framework/Versions/A/libSparseBLAS.dylib
0x00007fff4faa9000 	/System/Library/PrivateFrameworks/GPUWrangler.framework/Versions/A/GPUWrangler
0x00007fff5123d000 	/System/Library/PrivateFrameworks/IOAccelerator.framework/Versions/A/IOAccelerator
0x00007fff51248000 	/System/Library/PrivateFrameworks/IOPresentment.framework/Versions/A/IOPresentment
0x00007fff4b2e4000 	/System/Library/PrivateFrameworks/DSExternalDisplay.framework/Versions/A/DSExternalDisplay
0x00007fff40951000 	/System/Library/Frameworks/OpenGL.framework/Versions/A/Libraries/libCoreFSCache.dylib
0x00007fff38b8c000 	/System/Library/Frameworks/CoreVideo.framework/Versions/A/CoreVideo
0x00007fff50824000 	/System/Library/PrivateFrameworks/GraphVisualizer.framework/Versions/A/GraphVisualizer
0x00007fff3b94f000 	/System/Library/Frameworks/MetalPerformanceShaders.framework/Versions/A/MetalPerformanceShaders
0x00007fff5c8e9000 	/usr/lib/libFosl_dynamic.dylib
0x00007fff4c3b3000 	/System/Library/PrivateFrameworks/FaceCore.framework/Versions/A/FaceCore
0x00007fff3f74c000 	/System/Library/Frameworks/OpenCL.framework/Versions/A/OpenCL
0x00007fff5cf6d000 	/usr/lib/libcompression.dylib
0x00007fff35494000 	/System/Library/Frameworks/ApplicationServices.framework/Versions/A/Frameworks/ATS.framework/Versions/A/Resources/libFontParser.dylib
0x00007fff355b7000 	/System/Library/Frameworks/ApplicationServices.framework/Versions/A/Frameworks/ATS.framework/Versions/A/Resources/libFontRegistry.dylib
0x00007fff39ad8000 	/System/Library/Frameworks/ImageIO.framework/Versions/A/Resources/libJPEG.dylib
0x00007fff39e16000 	/System/Library/Frameworks/ImageIO.framework/Versions/A/Resources/libTIFF.dylib
0x00007fff39dec000 	/System/Library/Frameworks/ImageIO.framework/Versions/A/Resources/libPng.dylib
0x00007fff399eb000 	/System/Library/Frameworks/ImageIO.framework/Versions/A/Resources/libGIF.dylib
0x00007fff399f0000 	/System/Library/Frameworks/ImageIO.framework/Versions/A/Resources/libJP2.dylib
0x00007fff39e13000 	/System/Library/Frameworks/ImageIO.framework/Versions/A/Resources/libRadiance.dylib
0x00007fff472f6000 	/System/Library/PrivateFrameworks/AppleJPEG.framework/Versions/A/AppleJPEG
0x00007fff3b7b6000 	/System/Library/Frameworks/MetalPerformanceShaders.framework/Frameworks/MPSCore.framework/Versions/A/MPSCore
0x00007fff3b7d2000 	/System/Library/Frameworks/MetalPerformanceShaders.framework/Frameworks/MPSImage.framework/Versions/A/MPSImage
0x00007fff3b867000 	/System/Library/Frameworks/MetalPerformanceShaders.framework/Frameworks/MPSNeuralNetwork.framework/Versions/A/MPSNeuralNetwork
0x00007fff3b842000 	/System/Library/Frameworks/MetalPerformanceShaders.framework/Frameworks/MPSMatrix.framework/Versions/A/MPSMatrix
0x00007fff52740000 	/System/Library/PrivateFrameworks/MetalTools.framework/Versions/A/MetalTools
0x00007fff40b1c000 	/System/Library/Frameworks/OpenGL.framework/Versions/A/Libraries/libGLU.dylib
0x00007fff4095c000 	/System/Library/Frameworks/OpenGL.framework/Versions/A/Libraries/libGFXShared.dylib
0x00007fff40966000 	/System/Library/Frameworks/OpenGL.framework/Versions/A/Libraries/libGL.dylib
0x00007fff40972000 	/System/Library/Frameworks/OpenGL.framework/Versions/A/Libraries/libGLImage.dylib
0x00007fff4094e000 	/System/Library/Frameworks/OpenGL.framework/Versions/A/Libraries/libCVMSPluginSupport.dylib
0x00007fff40957000 	/System/Library/Frameworks/OpenGL.framework/Versions/A/Libraries/libCoreVMClient.dylib
0x00007fff5d71a000 	/usr/lib/libcups.2.dylib
0x00007fff3ad1d000 	/System/Library/Frameworks/Kerberos.framework/Versions/A/Kerberos
0x00007fff394cb000 	/System/Library/Frameworks/GSS.framework/Versions/A/GSS
0x00007fff5e824000 	/usr/lib/libresolv.9.dylib
0x00007fff5d917000 	/usr/lib/libiconv.2.dylib
0x00007fff508b6000 	/System/Library/PrivateFrameworks/Heimdal.framework/Versions/A/Heimdal
0x00007fff5d8e6000 	/usr/lib/libheimdal-asn1.dylib
0x00007fff3f7c4000 	/System/Library/Frameworks/OpenDirectory.framework/Versions/A/OpenDirectory
0x00007fff4960f000 	/System/Library/PrivateFrameworks/CommonAuth.framework/Versions/A/CommonAuth
0x00007fff3f7a7000 	/System/Library/Frameworks/OpenDirectory.framework/Versions/A/Frameworks/CFOpenDirectory.framework/Versions/A/CFOpenDirectory
0x00007fff430e5000 	/System/Library/Frameworks/SecurityFoundation.framework/Versions/A/SecurityFoundation
0x00007fff464b9000 	/System/Library/PrivateFrameworks/APFS.framework/Versions/A/APFS
0x00007fff5ec53000 	/usr/lib/libutil.dylib
0x00007fff47379000 	/System/Library/PrivateFrameworks/AppleSauce.framework/Versions/A/AppleSauce
0x00007fff51a25000 	/System/Library/PrivateFrameworks/LinguisticData.framework/Versions/A/LinguisticData
0x00007fff5dc99000 	/usr/lib/libmarisa.dylib
0x00007fff519df000 	/System/Library/PrivateFrameworks/Lexicon.framework/Versions/A/Lexicon
0x00007fff5c814000 	/usr/lib/libChineseTokenizer.dylib
0x00007fff5cf5c000 	/usr/lib/libcmph.dylib
0x00007fff518e9000 	/System/Library/PrivateFrameworks/LanguageModeling.framework/Versions/A/LanguageModeling
0x00007fff4a12c000 	/System/Library/PrivateFrameworks/CoreEmoji.framework/Versions/A/CoreEmoji
0x00007fff431a3000 	/System/Library/Frameworks/ServiceManagement.framework/Versions/A/ServiceManagement
0x00007fff47bc4000 	/System/Library/PrivateFrameworks/BackgroundTaskManagement.framework/Versions/A/BackgroundTaskManagement
0x00007fff5ed50000 	/usr/lib/libxslt.1.dylib
0x00007fff36559000 	/System/Library/Frameworks/Carbon.framework/Versions/A/Frameworks/Ink.framework/Versions/A/Ink
0x00007fff5aaea000 	/System/Library/PrivateFrameworks/TextureIO.framework/Versions/A/TextureIO
0x00007fff5ccfe000 	/usr/lib/libate.dylib
0x00007fff4b243000 	/System/Library/PrivateFrameworks/CrashReporterSupport.framework/Versions/A/CrashReporterSupport
0x00007fff57e23000 	/System/Library/PrivateFrameworks/Sharing.framework/Versions/A/Sharing
0x00007fff5162a000 	/System/Library/PrivateFrameworks/IconServices.framework/Versions/A/IconServices
0x00007fff477f4000 	/System/Library/PrivateFrameworks/AuthKit.framework/Versions/A/AuthKit
0x00007fff47179000 	/System/Library/PrivateFrameworks/Apple80211.framework/Versions/A/Apple80211
0x00007fff4b058000 	/System/Library/PrivateFrameworks/CoreUtils.framework/Versions/A/CoreUtils
0x00007fff38bc7000 	/System/Library/Frameworks/CoreWLAN.framework/Versions/A/CoreWLAN
0x00007fff3960d000 	/System/Library/Frameworks/IOBluetooth.framework/Versions/A/IOBluetooth
0x00007fff562e5000 	/System/Library/PrivateFrameworks/ProtocolBuffer.framework/Versions/A/ProtocolBuffer
0x00007fff52939000 	/System/Library/PrivateFrameworks/MobileKeyBag.framework/Versions/A/MobileKeyBag
0x00007fff4a8d0000 	/System/Library/PrivateFrameworks/CorePhoneNumbers.framework/Versions/A/CorePhoneNumbers
0x00007fff472b1000 	/System/Library/PrivateFrameworks/AppleIDAuthSupport.framework/Versions/A/AppleIDAuthSupport
0x00007fff518d5000 	/System/Library/PrivateFrameworks/KeychainCircle.framework/Versions/A/KeychainCircle
0x00007fff4b1de000 	/System/Library/PrivateFrameworks/CoreWiFi.framework/Versions/A/CoreWiFi
0x00007fff36aa4000 	/System/Library/Frameworks/CoreBluetooth.framework/Versions/A/CoreBluetooth
0x00007fff4b42e000 	/System/Library/PrivateFrameworks/DebugSymbols.framework/Versions/A/DebugSymbols
0x00007fff4ae0e000 	/System/Library/PrivateFrameworks/CoreSymbolication.framework/Versions/A/CoreSymbolication
0x00007fff5a2db000 	/System/Library/PrivateFrameworks/Symbolication.framework/Versions/A/Symbolication
0x00007fff471a3000 	/System/Library/PrivateFrameworks/AppleFSCompression.framework/Versions/A/AppleFSCompression
0x00007fff59728000 	/System/Library/PrivateFrameworks/SpeechRecognitionCore.framework/Versions/A/SpeechRecognitionCore
0x0000000102e00000 	/Library/Java/JavaVirtualMachines/jdk-14.0.1.jdk/Contents/Home/lib/server/libjvm.dylib
0x000000010255c000 	/Library/Java/JavaVirtualMachines/jdk-14.0.1.jdk/Contents/Home/lib/libjimage.dylib
0x00000001025b1000 	/Library/Java/JavaVirtualMachines/jdk-14.0.1.jdk/Contents/Home/lib/libjava.dylib
0x00000001025d9000 	/Library/Java/JavaVirtualMachines/jdk-14.0.1.jdk/Contents/Home/lib/libzip.dylib
0x000000010b125000 	/Library/Java/JavaVirtualMachines/jdk-14.0.1.jdk/Contents/Home/lib/libnio.dylib
0x000000010b138000 	/Library/Java/JavaVirtualMachines/jdk-14.0.1.jdk/Contents/Home/lib/./libnet.dylib
0x000000010b150000 	/Library/Java/JavaVirtualMachines/jdk-14.0.1.jdk/Contents/Home/lib/libverify.dylib
0x00000001025fa000 	/usr/local/Cellar/maven/3.6.3_1/libexec/lib/jansi-native/osx/libjansi.jnilib


VM Arguments:
jvm_args: -Dclassworlds.conf=/usr/local/Cellar/maven/3.6.3_1/libexec/bin/m2.conf -Dmaven.home=/usr/local/Cellar/maven/3.6.3_1/libexec -Dlibrary.jansi.path=/usr/local/Cellar/maven/3.6.3_1/libexec/lib/jansi-native -Dmaven.multiModuleProjectDirectory=/Users/everton/Documents/_Work/desafioStefa/desafioStefanini 
java_command: org.codehaus.plexus.classworlds.launcher.Launcher -Dtest=br.com.desafio.stefanini.desafiostefanini.bean.PessoaBeanTest,test.java.br.com.desafio.stefanini.desafiostefanini.bean.PessoaBeanTestTest -Dmaven.ext.class.path=/Applications/NetBeans/Apache NetBeans 12.0.app/Contents/Resources/NetBeans/netbeans/java/maven-nblib/netbeans-eventspy.jar test-compile surefire:test
java_class_path (initial): /usr/local/Cellar/maven/3.6.3_1/libexec/boot/plexus-classworlds-2.6.0.jar
Launcher Type: SUN_STANDARD

[Global flags]
     intx CICompilerCount                          = 3                                         {product} {ergonomic}
     uint ConcGCThreads                            = 1                                         {product} {ergonomic}
     uint G1ConcRefinementThreads                  = 4                                         {product} {ergonomic}
   size_t G1HeapRegionSize                         = 1048576                                   {product} {ergonomic}
    uintx GCDrainStackTargetSize                   = 64                                        {product} {ergonomic}
   size_t InitialHeapSize                          = 134217728                                 {product} {ergonomic}
   size_t MarkStackSize                            = 4194304                                   {product} {ergonomic}
   size_t MaxHeapSize                              = 2147483648                                {product} {ergonomic}
   size_t MaxNewSize                               = 1287651328                                {product} {ergonomic}
   size_t MinHeapDeltaBytes                        = 1048576                                   {product} {ergonomic}
   size_t MinHeapSize                              = 8388608                                   {product} {ergonomic}
    uintx NonNMethodCodeHeapSize                   = 5832780                                {pd product} {ergonomic}
    uintx NonProfiledCodeHeapSize                  = 122912730                              {pd product} {ergonomic}
    uintx ProfiledCodeHeapSize                     = 122912730                              {pd product} {ergonomic}
    uintx ReservedCodeCacheSize                    = 251658240                              {pd product} {ergonomic}
     bool SegmentedCodeCache                       = true                                      {product} {ergonomic}
   size_t SoftMaxHeapSize                          = 2147483648                             {manageable} {ergonomic}
     bool UseCompressedClassPointers               = true                                 {lp64_product} {ergonomic}
     bool UseCompressedOops                        = true                                 {lp64_product} {ergonomic}
     bool UseG1GC                                  = true                                      {product} {ergonomic}

Logging:
Log output configuration:
 #0: stdout all=warning uptime,level,tags
 #1: stderr all=off uptime,level,tags

Environment Variables:
JAVA_HOME=/Library/Java/JavaVirtualMachines/jdk-14.0.1.jdk/Contents/Home
PATH=/usr/bin:/bin:/usr/sbin:/sbin
SHELL=/bin/bash

Signal Handlers:
SIGSEGV: [libjvm.dylib+0x741570], sa_mask[0]=11111111011111110111111111111111, sa_flags=SA_ONSTACK|SA_RESTART|SA_SIGINFO
SIGBUS: [libjvm.dylib+0x741570], sa_mask[0]=11111111011111110111111111111111, sa_flags=SA_RESTART|SA_SIGINFO
SIGFPE: [libjvm.dylib+0x741570], sa_mask[0]=11111111011111110111111111111111, sa_flags=SA_RESTART|SA_SIGINFO
SIGPIPE: [libjvm.dylib+0x5eb393], sa_mask[0]=11111111011111110111111111111111, sa_flags=SA_RESTART|SA_SIGINFO
SIGXFSZ: [libjvm.dylib+0x5eb393], sa_mask[0]=11111111011111110111111111111111, sa_flags=SA_RESTART|SA_SIGINFO
SIGILL: [libjvm.dylib+0x741570], sa_mask[0]=11111111011111110111111111111111, sa_flags=SA_RESTART|SA_SIGINFO
SIGUSR2: [libjvm.dylib+0x5eb965], sa_mask[0]=00100000000000000000000000000000, sa_flags=SA_RESTART|SA_SIGINFO
SIGHUP: [libjvm.dylib+0x5ea9c7], sa_mask[0]=11111111011111110111111111111111, sa_flags=SA_RESTART|SA_SIGINFO
SIGINT: SIG_IGN, sa_mask[0]=00000000000000000000000000000000, sa_flags=none
SIGTERM: [libjvm.dylib+0x5ea9c7], sa_mask[0]=11111111011111110111111111111111, sa_flags=SA_RESTART|SA_SIGINFO
SIGQUIT: [libjvm.dylib+0x5ea9c7], sa_mask[0]=11111111011111110111111111111111, sa_flags=SA_RESTART|SA_SIGINFO


---------------  S Y S T E M  ---------------

OS:uname:Darwin 17.7.0 Darwin Kernel Version 17.7.0: Thu Jun 18 21:21:34 PDT 2020; root:xnu-4570.71.82.5~1/RELEASE_X86_64 x86_64
OS uptime: 0 days 23:30 hours
rlimit: STACK 8192k, CORE 0k, NPROC 709, NOFILE 10240, AS infinity, DATA infinity, FSIZE infinity
load average:1.78 2.09 2.19

CPU:total 4 (initial active 4) (2 cores per cpu, 2 threads per core) family 6 model 42 stepping 7, cmov, cx8, fxsr, mmx, sse, sse2, sse3, ssse3, sse4.1, sse4.2, popcnt, avx, aes, clmul, ht, tsc, tscinvbit

Memory: 4k page, physical 8388608k(421784k free), swap 1048576k(1038592k free)

vm_info: Java HotSpot(TM) 64-Bit Server VM (14.0.1+7) for bsd-amd64 JRE (14.0.1+7), built on Mar  5 2020 10:34:17 by "mach5one" with clang 4.2.1 Compatible Apple LLVM 10.0.0 (clang-1000.11.45.5)

END.
