#
# A fatal error has been detected by the Java Runtime Environment:
#
#  SIGSEGV (0xb) at pc=0x0000000106c5b59f, pid=8579, tid=24843
#
# JRE version: Java(TM) SE Runtime Environment (14.0.1+7) (build 14.0.1+7)
# Java VM: Java HotSpot(TM) 64-Bit Server VM (14.0.1+7, mixed mode, sharing, tiered, compressed oops, g1 gc, bsd-amd64)
# Problematic frame:
# V  [libjvm.dylib+0x5b59f]  MachNode::ideal_reg() const+0xb
#
# No core dump will be written. Core dumps have been disabled. To enable core dumping, try "ulimit -c unlimited" before starting Java again
#
# If you would like to submit a bug report, please visit:
#   https://bugreport.java.com/bugreport/crash.jsp
#

---------------  S U M M A R Y ------------

Command Line: -Dclassworlds.conf=/usr/local/Cellar/maven/3.6.3_1/libexec/bin/m2.conf -Dmaven.home=/usr/local/Cellar/maven/3.6.3_1/libexec -Dlibrary.jansi.path=/usr/local/Cellar/maven/3.6.3_1/libexec/lib/jansi-native -Dmaven.multiModuleProjectDirectory=/Users/everton/Documents/_Work/dsd-jsf-master/dsd-jsf org.codehaus.plexus.classworlds.launcher.Launcher -Dnetbeans.deploy=true -Dmaven.ext.class.path=/Applications/NetBeans/Apache NetBeans 12.0.app/Contents/Resources/NetBeans/netbeans/java/maven-nblib/netbeans-eventspy.jar package

Host: Macmini5,1 x86_64 2300 MHz, 4 cores, 8G, Darwin 17.7.0
Time: Sun Aug  9 19:16:28 2020 -03 elapsed time: 8 seconds (0d 0h 0m 8s)

---------------  T H R E A D  ---------------

Current thread (0x00007ff57dd34000):  JavaThread "C2 CompilerThread1" daemon [_thread_in_native, id=24843, stack(0x0000700009ce2000,0x0000700009de2000)]


Current CompileTask:
C2:   8952 4527   !   4       java.nio.file.FileTreeWalker::next (144 bytes)

Stack: [0x0000700009ce2000,0x0000700009de2000],  sp=0x0000700009dde400,  free space=1009k
Native frames: (J=compiled Java code, A=aot compiled Java code, j=interpreted, Vv=VM code, C=native code)
V  [libjvm.dylib+0x5b59f]  MachNode::ideal_reg() const+0xb
V  [libjvm.dylib+0x51ddc6]  MachNode::rematerialize() const+0x80
V  [libjvm.dylib+0x32d136]  PhaseChaitin::add_input_to_liveout(Block*, Node*, IndexSet*, double, PhaseChaitin::Pressure&, PhaseChaitin::Pressure&)+0xc0
V  [libjvm.dylib+0x32d8d5]  PhaseChaitin::build_ifg_physical(ResourceArea*)+0x5f1
V  [libjvm.dylib+0x19c1f9]  PhaseChaitin::Register_Allocate()+0x4d3
V  [libjvm.dylib+0x1f07d8]  Compile::Code_Gen()+0x25e
V  [libjvm.dylib+0x1eea56]  Compile::Compile(ciEnv*, C2Compiler*, ciMethod*, int, bool, bool, bool, DirectiveSet*)+0x8f4
V  [libjvm.dylib+0x188918]  C2Compiler::compile_method(ciEnv*, ciMethod*, int, DirectiveSet*)+0xb6
V  [libjvm.dylib+0x1fb432]  CompileBroker::invoke_compiler_on_method(CompileTask*)+0x5ac
V  [libjvm.dylib+0x1facea]  CompileBroker::compiler_thread_loop()+0x1b4
V  [libjvm.dylib+0x6ed14a]  JavaThread::thread_main_inner()+0x86
V  [libjvm.dylib+0x6ecf88]  JavaThread::run()+0x118
V  [libjvm.dylib+0x6eadcf]  Thread::call_run()+0x71
V  [libjvm.dylib+0x5e97a0]  thread_native_entry(Thread*)+0x129
C  [libsystem_pthread.dylib+0x3661]  _pthread_body+0x154
C  [libsystem_pthread.dylib+0x350d]  _pthread_body+0x0
C  [libsystem_pthread.dylib+0x2bf9]  thread_start+0xd


siginfo: si_signo: 11 (SIGSEGV), si_code: 1 (SEGV_MAPERR), si_addr: 0x00007fe57e9502f0

Register to memory mapping:

RAX=0x00007ff57e9502c8 points into unknown readable memory: f0 02 95 7e e5 7f 00 00
RBX=0x00007ff57e950288 points into unknown readable memory: 98 0d 49 07 01 00 00 00
RCX=0x00000000000001bf is an unknown value
RDX=0x0000000107418d74: _ZN7Matcher18_end_rematerializeE+0 in /Library/Java/JavaVirtualMachines/jdk-14.0.1.jdk/Contents/Home/lib/server/libjvm.dylib at 0x0000000106c00000
RSP=0x0000700009dde400 is pointing into the stack for thread: 0x00007ff57dd34000
RBP=0x0000700009dde400 is pointing into the stack for thread: 0x00007ff57dd34000
RSI=0x00007ff57c6516f0 points into unknown readable memory: 00 63 4b 07 01 00 00 00
RDI=0x00007fe57e9502f0 is an unknown value
R8 =0x0000700009dde680 is pointing into the stack for thread: 0x00007ff57dd34000
R9 =0x0000700009dde698 is pointing into the stack for thread: 0x00007ff57dd34000
R10=0x0000700009dde440 is pointing into the stack for thread: 0x00007ff57dd34000
R11=0x0000000000000002 is an unknown value
R12=0x0000000000000002 is an unknown value
R13=0x0000000000000bdd is an unknown value
R14=0x000000012868b010 points into unknown readable memory: 00 00 00 00 00 00 00 00
R15=0x0000000128707918 points into unknown readable memory: 00 00 00 00 00 00 00 00


Registers:
RAX=0x00007ff57e9502c8, RBX=0x00007ff57e950288, RCX=0x00000000000001bf, RDX=0x0000000107418d74
RSP=0x0000700009dde400, RBP=0x0000700009dde400, RSI=0x00007ff57c6516f0, RDI=0x00007fe57e9502f0
R8 =0x0000700009dde680, R9 =0x0000700009dde698, R10=0x0000700009dde440, R11=0x0000000000000002
R12=0x0000000000000002, R13=0x0000000000000bdd, R14=0x000000012868b010, R15=0x0000000128707918
RIP=0x0000000106c5b59f, EFLAGS=0x0000000000010202, ERR=0x0000000000000004
  TRAPNO=0x000000000000000e

Top of Stack: (sp=0x0000700009dde400)
0x0000700009dde400:   0000700009dde420 000000010711ddc6
0x0000700009dde410:   000000000007c908 000000012868b010
0x0000700009dde420:   0000700009dde4a0 0000000106f2d136
0x0000700009dde430:   0000700009dde4a0 00007ff57f0b4b88
0x0000700009dde440:   0000700009dde570 0000700009dde698
0x0000700009dde450:   0000700009dde680 0000000000000000
0x0000700009dde460:   00007ff57c6516f0 0000700009ddf698
0x0000700009dde470:   00000000000f423f 00007ff57f0b4b88
0x0000700009dde480:   0000000000000002 0000000000000000
0x0000700009dde490:   00007ff57c6516f0 0000700009ddf698
0x0000700009dde4a0:   0000700009dde6e0 0000000106f2d8d5
0x0000700009dde4b0:   0000700009dde698 0003000300000000
0x0000700009dde4c0:   0003000300030003 0003000300030003
0x0000700009dde4d0:   0003000300030003 0000000000030003
0x0000700009dde4e0:   0000000000000000 0000000000000000
0x0000700009dde4f0:   0000000000000000 0000000000000000
0x0000700009dde500:   0000000000000000 0000000000000000
0x0000700009dde510:   0000000800000001 00000001063a0000
0x0000700009dde520:   0000000000000000 0000000000000009
0x0000700009dde530:   00000001062e3600 0000000000000000
0x0000700009dde540:   00000001073c3a5b 0000000000000000
0x0000700009dde550:   0000000000000000 0000000000000000
0x0000700009dde560:   00000001073c3a5b 000000007dfb7600
0x0000700009dde570:   000000110000001e 00007ff57dee8678
0x0000700009dde580:   000000000000006a 00000001072f2e1f
0x0000700009dde590:   0000000000007fd8 00000001072f2e8d
0x0000700009dde5a0:   0000700009dde5d0 0000000106cd0c85
0x0000700009dde5b0:   0000000000007fd8 0000000000000000
0x0000700009dde5c0:   00007ff57e955000 0000700009dde6f0
0x0000700009dde5d0:   0000700009dde5f0 0000000106cd0cf0
0x0000700009dde5e0:   0000000000000000 00000000000251c0
0x0000700009dde5f0:   0000700009dde620 0000000107107106 

Instructions: (pc=0x0000000106c5b59f)
0x0000000106c5b49f:   e5 5d e9 26 87 60 00 55 48 89 e5 31 c0 5d c3 55
0x0000000106c5b4af:   48 89 e5 31 c9 5d e9 04 1e 60 00 55 48 89 e5 89
0x0000000106c5b4bf:   d0 31 d2 89 c1 5d e9 82 3c 60 00 55 48 89 e5 89
0x0000000106c5b4cf:   f8 48 8d 0d c9 a7 7b 00 0f b7 0c 81 48 8d 15 9e
0x0000000106c5b4df:   a7 7b 00 8b 04 82 c1 e0 10 09 c8 5d c3 55 48 89
0x0000000106c5b4ef:   e5 89 f8 48 8d 0d a7 a7 7b 00 0f b7 0c 81 48 8d
0x0000000106c5b4ff:   15 7c a7 7b 00 8b 04 82 c1 e0 10 09 c8 5d c3 55
0x0000000106c5b50f:   48 89 e5 b8 14 00 00 00 5d c3 90 55 48 89 e5 31
0x0000000106c5b51f:   c0 5d c3 55 48 89 e5 b8 0c 00 00 00 5d c3 90 55
0x0000000106c5b52f:   48 89 e5 b8 03 00 00 00 5d c3 90 55 48 89 e5 b8
0x0000000106c5b53f:   16 00 00 00 5d c3 90 55 48 89 e5 b8 1e 00 00 00
0x0000000106c5b54f:   5d c3 90 55 48 89 e5 31 c0 5d c3 55 48 89 e5 31
0x0000000106c5b55f:   c0 5d c3 55 48 89 e5 b8 40 00 00 00 5d c3 90 55
0x0000000106c5b56f:   48 89 e5 48 8b 47 38 48 85 c0 74 0d 48 8b 38 48
0x0000000106c5b57f:   8b 07 5d ff a0 d8 00 00 00 48 8d 05 71 ae 92 00
0x0000000106c5b58f:   48 8b 00 5d c3 55 48 89 e5 48 8b 47 38 48 8b 38
0x0000000106c5b59f:   48 8b 07 ff 90 d8 00 00 00 48 8d 0d 11 af 92 00
0x0000000106c5b5af:   48 3b 01 74 14 8b 40 10 48 c1 e0 05 48 8d 0d be
0x0000000106c5b5bf:   a7 92 00 8b 44 01 14 eb 05 b8 0d 00 00 00 5d c3
0x0000000106c5b5cf:   90 55 48 89 e5 b8 7f 96 98 00 5d c3 90 55 48 89
0x0000000106c5b5df:   e5 31 c0 5d c3 55 48 89 e5 b8 ff ff ff ff 5d c3
0x0000000106c5b5ef:   90 55 48 89 e5 31 c0 5d c3 55 48 89 e5 31 c0 5d
0x0000000106c5b5ff:   c3 55 48 89 e5 31 c0 5d c3 55 48 89 e5 b8 01 00
0x0000000106c5b60f:   00 00 5d c3 90 55 48 89 e5 31 c0 5d c3 55 48 89
0x0000000106c5b61f:   e5 31 c0 5d c3 55 48 89 e5 31 c0 5d c3 55 48 89
0x0000000106c5b62f:   e5 48 89 f8 5d c3 90 55 48 89 e5 31 c0 5d c3 55
0x0000000106c5b63f:   48 89 e5 31 c0 5d c3 55 48 89 e5 31 c0 5d c3 55
0x0000000106c5b64f:   48 89 e5 48 8d 05 3f af 92 00 48 8b 00 5d c3 55
0x0000000106c5b65f:   48 89 e5 b8 04 00 00 00 5d c3 90 55 48 89 e5 48
0x0000000106c5b66f:   8d 05 c3 30 91 00 5d c3 90 55 48 89 e5 48 8d 05
0x0000000106c5b67f:   c8 ec 8f 00 8a 00 5d c3 90 55 48 89 e5 b8 01 00
0x0000000106c5b68f:   00 00 5d c3 90 55 48 89 e5 48 8d 05 61 ad 92 00 


Stack slot to memory mapping:
stack at sp + 0 slots: 0x0000700009dde420 is pointing into the stack for thread: 0x00007ff57dd34000
stack at sp + 1 slots: 0x000000010711ddc6: _ZNK8MachNode13rematerializeEv+0x80 in /Library/Java/JavaVirtualMachines/jdk-14.0.1.jdk/Contents/Home/lib/server/libjvm.dylib at 0x0000000106c00000
stack at sp + 2 slots: 0x000000000007c908 is an unknown value
stack at sp + 3 slots: 0x000000012868b010 points into unknown readable memory: 00 00 00 00 00 00 00 00
stack at sp + 4 slots: 0x0000700009dde4a0 is pointing into the stack for thread: 0x00007ff57dd34000
stack at sp + 5 slots: 0x0000000106f2d136: _ZN12PhaseChaitin20add_input_to_liveoutEP5BlockP4NodeP8IndexSetdRNS_8PressureES7_+0xc0 in /Library/Java/JavaVirtualMachines/jdk-14.0.1.jdk/Contents/Home/lib/server/libjvm.dylib at 0x0000000106c00000
stack at sp + 6 slots: 0x0000700009dde4a0 is pointing into the stack for thread: 0x00007ff57dd34000
stack at sp + 7 slots: 0x00007ff57f0b4b88 points into unknown readable memory: 68 85 45 07 01 00 00 00


---------------  P R O C E S S  ---------------

Threads class SMR info:
_java_thread_list=0x00007ff57e530ec0, length=11, elements={
0x00007ff57d00d800, 0x00007ff57c05a800, 0x00007ff57d077800, 0x00007ff57c812800,
0x00007ff57c811000, 0x00007ff57c82f000, 0x00007ff57c830000, 0x00007ff57c831000,
0x00007ff57c85c000, 0x00007ff57d066000, 0x00007ff57dd34000
}

Java Threads: ( => current thread )
  0x00007ff57d00d800 JavaThread "main" [_thread_in_vm, id=7171, stack(0x000000010798a000,0x0000000107a8a000)]
  0x00007ff57c05a800 JavaThread "Reference Handler" daemon [_thread_blocked, id=17667, stack(0x000070000a3fa000,0x000070000a4fa000)]
  0x00007ff57d077800 JavaThread "Finalizer" daemon [_thread_blocked, id=15619, stack(0x000070000a4fd000,0x000070000a5fd000)]
  0x00007ff57c812800 JavaThread "Signal Dispatcher" daemon [_thread_blocked, id=23043, stack(0x000070000a600000,0x000070000a700000)]
  0x00007ff57c811000 JavaThread "Service Thread" daemon [_thread_blocked, id=42499, stack(0x000070000a703000,0x000070000a803000)]
  0x00007ff57c82f000 JavaThread "C2 CompilerThread0" daemon [_thread_in_native, id=42243, stack(0x000070000a806000,0x000070000a906000)]
  0x00007ff57c830000 JavaThread "C1 CompilerThread0" daemon [_thread_in_vm, id=23811, stack(0x000070000a909000,0x000070000aa09000)]
  0x00007ff57c831000 JavaThread "Sweeper thread" daemon [_thread_blocked, id=24067, stack(0x000070000aa0c000,0x000070000ab0c000)]
  0x00007ff57c85c000 JavaThread "Notification Thread" daemon [_thread_blocked, id=40451, stack(0x000070000ab0f000,0x000070000ac0f000)]
  0x00007ff57d066000 JavaThread "Common-Cleaner" daemon [_thread_blocked, id=24579, stack(0x000070000ad15000,0x000070000ae15000)]
=>0x00007ff57dd34000 JavaThread "C2 CompilerThread1" daemon [_thread_in_native, id=24843, stack(0x0000700009ce2000,0x0000700009de2000)]

Other Threads:
  0x00007ff57c059800 VMThread "VM Thread" [stack: 0x000070000a2f7000,0x000070000a3f7000] [id=14595]
  0x00007ff57d82d800 WatcherThread [stack: 0x000070000ac12000,0x000070000ad12000] [id=39939]
  0x00007ff57c035800 GCTaskThread "GC Thread#0" [stack: 0x0000700009de8000,0x0000700009ee8000] [id=19203]
  0x00007ff57d848000 GCTaskThread "GC Thread#1" [stack: 0x000070000af1b000,0x000070000b01b000] [id=38915]
  0x00007ff57d886800 GCTaskThread "GC Thread#2" [stack: 0x000070000b01e000,0x000070000b11e000] [id=38659]
  0x00007ff57c047000 ConcurrentGCThread "G1 Main Marker" [stack: 0x0000700009eeb000,0x0000700009feb000] [id=12803]
  0x00007ff57c047800 ConcurrentGCThread "G1 Conc#0" [stack: 0x0000700009fee000,0x000070000a0ee000] [id=18947]
  0x00007ff57d051000 ConcurrentGCThread "G1 Refine#0" [stack: 0x000070000a0f1000,0x000070000a1f1000] [id=14083]
  0x00007ff57d051800 ConcurrentGCThread "G1 Young RemSet Sampling" [stack: 0x000070000a1f4000,0x000070000a2f4000] [id=14339]

Threads with active compile tasks:
C2 CompilerThread0     8994 4816       4       java.util.HashMap::putVal (300 bytes)
C2 CompilerThread1     8995 4527   !   4       java.nio.file.FileTreeWalker::next (144 bytes)

VM state:not at safepoint (normal execution)

VM Mutex/Monitor currently owned by a thread:  ([mutex/lock_event])
[0x00007ff57bc0f500] Compile_lock - owner thread: 0x0000000000000000

Heap address: 0x0000000780000000, size: 2048 MB, Compressed Oops mode: Zero based, Oop shift amount: 3
Narrow klass base: 0x0000000800000000, Narrow klass shift: 3
Compressed class space size: 1073741824 Address: 0x0000000800b05000

Heap:
 garbage-first heap   total 50176K, used 31733K [0x0000000780000000, 0x0000000800000000)
  region size 1024K, 8 young (8192K), 2 survivors (2048K)
 Metaspace       used 24553K, capacity 25192K, committed 25340K, reserved 1071104K
  class space    used 2837K, capacity 3063K, committed 3068K, reserved 1048576K
Heap Regions: E=young(eden), S=young(survivor), O=old, HS=humongous(starts), HC=humongous(continues), CS=collection set, F=free, OA=open archive, CA=closed archive, TAMS=top-at-mark-start (previous, next)
|   0|0x0000000780000000, 0x0000000780100000, 0x0000000780100000|100%| O|  |TAMS 0x0000000780100000, 0x0000000780000000| Untracked 
|   1|0x0000000780100000, 0x0000000780200000, 0x0000000780200000|100%| O|  |TAMS 0x0000000780200000, 0x0000000780100000| Untracked 
|   2|0x0000000780200000, 0x0000000780300000, 0x0000000780300000|100%| O|  |TAMS 0x0000000780300000, 0x0000000780200000| Untracked 
|   3|0x0000000780300000, 0x0000000780400000, 0x0000000780400000|100%| O|  |TAMS 0x0000000780400000, 0x0000000780300000| Untracked 
|   4|0x0000000780400000, 0x0000000780500000, 0x0000000780500000|100%| O|  |TAMS 0x0000000780500000, 0x0000000780400000| Untracked 
|   5|0x0000000780500000, 0x0000000780600000, 0x0000000780600000|100%| O|  |TAMS 0x0000000780600000, 0x0000000780500000| Untracked 
|   6|0x0000000780600000, 0x0000000780700000, 0x0000000780700000|100%| O|  |TAMS 0x0000000780700000, 0x0000000780600000| Untracked 
|   7|0x0000000780700000, 0x0000000780734e00, 0x0000000780800000| 20%| O|  |TAMS 0x0000000780734e00, 0x0000000780700000| Untracked 
|   8|0x0000000780800000, 0x0000000780900000, 0x0000000780900000|100%| O|  |TAMS 0x0000000780900000, 0x0000000780800000| Untracked 
|   9|0x0000000780900000, 0x0000000780a00000, 0x0000000780a00000|100%| O|  |TAMS 0x0000000780a00000, 0x0000000780900000| Untracked 
|  10|0x0000000780a00000, 0x0000000780b00000, 0x0000000780b00000|100%| O|  |TAMS 0x0000000780b00000, 0x0000000780a00000| Untracked 
|  11|0x0000000780b00000, 0x0000000780c00000, 0x0000000780c00000|100%| O|  |TAMS 0x0000000780c00000, 0x0000000780b00000| Untracked 
|  12|0x0000000780c00000, 0x0000000780d00000, 0x0000000780d00000|100%| O|  |TAMS 0x0000000780d00000, 0x0000000780c00000| Untracked 
|  13|0x0000000780d00000, 0x0000000780e00000, 0x0000000780e00000|100%| O|  |TAMS 0x0000000780d7b400, 0x0000000780d00000| Untracked 
|  14|0x0000000780e00000, 0x0000000780f00000, 0x0000000780f00000|100%| O|  |TAMS 0x0000000780e00000, 0x0000000780e00000| Untracked 
|  15|0x0000000780f00000, 0x0000000781000000, 0x0000000781000000|100%| O|  |TAMS 0x0000000780f00000, 0x0000000780f00000| Untracked 
|  16|0x0000000781000000, 0x00000007810fc600, 0x0000000781100000| 98%| O|  |TAMS 0x0000000781000000, 0x0000000781000000| Untracked 
|  17|0x0000000781100000, 0x0000000781200000, 0x0000000781200000|100%| O|  |TAMS 0x0000000781200000, 0x0000000781100000| Untracked 
|  18|0x0000000781200000, 0x0000000781300000, 0x0000000781300000|100%| O|  |TAMS 0x0000000781300000, 0x0000000781200000| Untracked 
|  19|0x0000000781300000, 0x0000000781400000, 0x0000000781400000|100%| O|  |TAMS 0x0000000781400000, 0x0000000781300000| Untracked 
|  20|0x0000000781400000, 0x0000000781500000, 0x0000000781500000|100%| O|  |TAMS 0x0000000781500000, 0x0000000781400000| Untracked 
|  21|0x0000000781500000, 0x0000000781600000, 0x0000000781600000|100%| O|  |TAMS 0x0000000781600000, 0x0000000781500000| Untracked 
|  22|0x0000000781600000, 0x0000000781700000, 0x0000000781700000|100%|HS|  |TAMS 0x0000000781600000, 0x0000000781600000| Complete 
|  23|0x0000000781700000, 0x0000000781700000, 0x0000000781800000|  0%| F|  |TAMS 0x0000000781700000, 0x0000000781700000| Untracked 
|  24|0x0000000781800000, 0x0000000781800000, 0x0000000781900000|  0%| F|  |TAMS 0x0000000781800000, 0x0000000781800000| Untracked 
|  25|0x0000000781900000, 0x0000000781900000, 0x0000000781a00000|  0%| F|  |TAMS 0x0000000781900000, 0x0000000781900000| Untracked 
|  26|0x0000000781a00000, 0x0000000781a00000, 0x0000000781b00000|  0%| F|  |TAMS 0x0000000781a00000, 0x0000000781a00000| Untracked 
|  27|0x0000000781b00000, 0x0000000781b00000, 0x0000000781c00000|  0%| F|  |TAMS 0x0000000781b00000, 0x0000000781b00000| Untracked 
|  28|0x0000000781c00000, 0x0000000781c00000, 0x0000000781d00000|  0%| F|  |TAMS 0x0000000781c00000, 0x0000000781c00000| Untracked 
|  29|0x0000000781d00000, 0x0000000781d00000, 0x0000000781e00000|  0%| F|  |TAMS 0x0000000781d00000, 0x0000000781d00000| Untracked 
|  30|0x0000000781e00000, 0x0000000781f00000, 0x0000000781f00000|100%| S|CS|TAMS 0x0000000781e00000, 0x0000000781e00000| Complete 
|  31|0x0000000781f00000, 0x0000000782000000, 0x0000000782000000|100%| S|CS|TAMS 0x0000000781f00000, 0x0000000781f00000| Complete 
|  32|0x0000000782000000, 0x0000000782000000, 0x0000000782100000|  0%| F|  |TAMS 0x0000000782000000, 0x0000000782000000| Untracked 
|  33|0x0000000782100000, 0x0000000782100000, 0x0000000782200000|  0%| F|  |TAMS 0x0000000782100000, 0x0000000782100000| Untracked 
|  34|0x0000000782200000, 0x0000000782200000, 0x0000000782300000|  0%| F|  |TAMS 0x0000000782200000, 0x0000000782200000| Untracked 
|  35|0x0000000782300000, 0x0000000782300000, 0x0000000782400000|  0%| F|  |TAMS 0x0000000782300000, 0x0000000782300000| Untracked 
|  36|0x0000000782400000, 0x0000000782400000, 0x0000000782500000|  0%| F|  |TAMS 0x0000000782400000, 0x0000000782400000| Untracked 
|  37|0x0000000782500000, 0x0000000782500000, 0x0000000782600000|  0%| F|  |TAMS 0x0000000782500000, 0x0000000782500000| Untracked 
|  38|0x0000000782600000, 0x0000000782600000, 0x0000000782700000|  0%| F|  |TAMS 0x0000000782600000, 0x0000000782600000| Untracked 
|  39|0x0000000782700000, 0x0000000782700000, 0x0000000782800000|  0%| F|  |TAMS 0x0000000782700000, 0x0000000782700000| Untracked 
|  40|0x0000000782800000, 0x00000007828a7460, 0x0000000782900000| 65%| E|  |TAMS 0x0000000782800000, 0x0000000782800000| Complete 
|  41|0x0000000782900000, 0x0000000782a00000, 0x0000000782a00000|100%| E|CS|TAMS 0x0000000782900000, 0x0000000782900000| Complete 
| 113|0x0000000787100000, 0x0000000787200000, 0x0000000787200000|100%| E|CS|TAMS 0x0000000787100000, 0x0000000787100000| Complete 
| 114|0x0000000787200000, 0x0000000787300000, 0x0000000787300000|100%| E|CS|TAMS 0x0000000787200000, 0x0000000787200000| Complete 
| 115|0x0000000787300000, 0x0000000787400000, 0x0000000787400000|100%| E|CS|TAMS 0x0000000787300000, 0x0000000787300000| Complete 
| 153|0x0000000789900000, 0x0000000789a00000, 0x0000000789a00000|100%| E|CS|TAMS 0x0000000789900000, 0x0000000789900000| Complete 
|1022|0x00000007bfe00000, 0x00000007bfe51000, 0x00000007bff00000| 31%|OA|  |TAMS 0x00000007bfe51000, 0x00000007bfe00000| Untracked 
|1023|0x00000007bff00000, 0x00000007bff7b000, 0x00000007c0000000| 48%|CA|  |TAMS 0x00000007bff7b000, 0x00000007bff00000| Untracked 
|2047|0x00000007fff00000, 0x0000000800000000, 0x0000000800000000|100%| O|  |TAMS 0x0000000800000000, 0x00000007fff00000| Untracked 

Card table byte_map: [0x0000000108462000,0x0000000108862000] _byte_map_base: 0x0000000104862000

Marking Bits (Prev, Next): (CMBitMap*) 0x00007ff57c036418, (CMBitMap*) 0x00007ff57c036458
 Prev Bits: [0x0000000108c62000, 0x000000010ac62000)
 Next Bits: [0x000000010ac62000, 0x000000010cc62000)

Polling page: 0x000000010631f000

Metaspace:

Usage:
  Non-class:     21.61 MB capacity,    21.23 MB ( 98%) used,   340.60 KB (  2%) free+waste,    52.56 KB ( <1%) overhead. 
      Class:      2.99 MB capacity,     2.77 MB ( 93%) used,   200.95 KB (  7%) free+waste,    24.12 KB ( <1%) overhead. 
       Both:     24.60 MB capacity,    24.00 MB ( 98%) used,   541.55 KB (  2%) free+waste,    76.69 KB ( <1%) overhead. 

Virtual space:
  Non-class space:       22.00 MB reserved,      21.75 MB ( 99%) committed 
      Class space:        1.00 GB reserved,       3.00 MB ( <1%) committed 
             Both:        1.02 GB reserved,      24.75 MB (  2%) committed 

Chunk freelists:
   Non-Class:  27.00 KB
       Class:  0 bytes
        Both:  27.00 KB

MaxMetaspaceSize: unlimited
CompressedClassSpaceSize: 1.00 GB

CodeHeap 'non-profiled nmethods': size=120032Kb used=2197Kb max_used=2197Kb free=117834Kb
 bounds [0x000000011d73f000, 0x000000011d9af000, 0x0000000124c77000]
CodeHeap 'profiled nmethods': size=120028Kb used=10401Kb max_used=10401Kb free=109626Kb
 bounds [0x0000000116208000, 0x0000000116c38000, 0x000000011d73f000]
CodeHeap 'non-nmethods': size=5700Kb used=1241Kb max_used=1279Kb free=4458Kb
 bounds [0x0000000115c77000, 0x0000000115ee7000, 0x0000000116208000]
 total_blobs=6360 nmethods=4862 adapters=411
 compilation: enabled
              stopped_count=0, restarted_count=0
 full_count=0

Compilation events (20 events):
Event: 8.928 Thread 0x00007ff57c830000 nmethod 4837 0x0000000116c12190 code [0x0000000116c12360, 0x0000000116c125c0]
Event: 8.933 Thread 0x00007ff57c830000 4838       2       com.sun.tools.javac.util.Iterators$2::update (42 bytes)
Event: 8.934 Thread 0x00007ff57c830000 nmethod 4838 0x0000000116c12710 code [0x0000000116c128c0, 0x0000000116c12b00]
Event: 8.934 Thread 0x00007ff57c830000 4839       2       com.sun.tools.javac.util.Iterators$2::hasNext (13 bytes)
Event: 8.935 Thread 0x00007ff57c830000 nmethod 4839 0x0000000116c12c10 code [0x0000000116c12da0, 0x0000000116c12ed0]
Event: 8.937 Thread 0x00007ff57c830000 4841       2       com.sun.tools.javac.code.Types::rank (269 bytes)
Event: 8.940 Thread 0x00007ff57c830000 nmethod 4841 0x0000000116c12f90 code [0x0000000116c13220, 0x0000000116c13be0]
Event: 8.940 Thread 0x00007ff57c830000 4840       2       java.util.RegularEnumSet::clear (6 bytes)
Event: 8.940 Thread 0x00007ff57c830000 nmethod 4840 0x0000000116c14210 code [0x0000000116c143a0, 0x0000000116c144b0]
Event: 8.940 Thread 0x00007ff57c830000 4843       2       com.sun.tools.javac.comp.AttrContext::dup (151 bytes)
Event: 8.941 Thread 0x00007ff57c830000 nmethod 4843 0x0000000116c14510 code [0x0000000116c146c0, 0x0000000116c14ca0]
Event: 8.941 Thread 0x00007ff57c830000 4842       1       com.sun.tools.javac.code.Type$TypeVar::getUpperBound (5 bytes)
Event: 8.941 Thread 0x00007ff57c830000 nmethod 4842 0x000000011d95d090 code [0x000000011d95d220, 0x000000011d95d2f0]
Event: 8.941 Thread 0x00007ff57c830000 4844       2       com.sun.tools.javac.comp.Check$ConversionWarner::<init> (28 bytes)
Event: 8.942 Thread 0x00007ff57c830000 nmethod 4844 0x0000000116c14d90 code [0x0000000116c14f40, 0x0000000116c15240]
Event: 8.943 Thread 0x00007ff57c830000 4846       2       com.sun.tools.javac.code.Scope$WriteableScope::create (9 bytes)
Event: 8.944 Thread 0x00007ff57c830000 nmethod 4846 0x0000000116c15310 code [0x0000000116c154a0, 0x0000000116c156c0]
Event: 8.944 Thread 0x00007ff57c830000 4847       2       com.sun.tools.javac.code.Symbol$VarSymbol::setData (22 bytes)
Event: 8.945 Thread 0x00007ff57c830000 nmethod 4847 0x0000000116c15810 code [0x0000000116c159e0, 0x0000000116c15d60]
Event: 8.945 Thread 0x00007ff57c830000 4849       2       com.sun.tools.javac.jvm.ClassReader::readClass (557 bytes)

GC Heap History (20 events):
Event: 1.833 GC heap before
{Heap before GC invocations=1 (full 0):
 garbage-first heap   total 133120K, used 19703K [0x0000000780000000, 0x0000000800000000)
  region size 1024K, 18 young (18432K), 2 survivors (2048K)
 Metaspace       used 5588K, capacity 8226K, committed 8448K, reserved 1056768K
  class space    used 673K, capacity 958K, committed 1024K, reserved 1048576K
}
Event: 1.840 GC heap after
{Heap after GC invocations=2 (full 0):
 garbage-first heap   total 133120K, used 4075K [0x0000000780000000, 0x0000000800000000)
  region size 1024K, 1 young (1024K), 1 survivors (1024K)
 Metaspace       used 5588K, capacity 8226K, committed 8448K, reserved 1056768K
  class space    used 673K, capacity 958K, committed 1024K, reserved 1048576K
}
Event: 4.830 GC heap before
{Heap before GC invocations=2 (full 0):
 garbage-first heap   total 133120K, used 80875K [0x0000000780000000, 0x0000000800000000)
  region size 1024K, 76 young (77824K), 1 survivors (1024K)
 Metaspace       used 13471K, capacity 15308K, committed 15744K, reserved 1062912K
  class space    used 1572K, capacity 1807K, committed 1920K, reserved 1048576K
}
Event: 4.851 GC heap after
{Heap after GC invocations=3 (full 0):
 garbage-first heap   total 133120K, used 8348K [0x0000000780000000, 0x0000000800000000)
  region size 1024K, 5 young (5120K), 5 survivors (5120K)
 Metaspace       used 13471K, capacity 15308K, committed 15744K, reserved 1062912K
  class space    used 1572K, capacity 1807K, committed 1920K, reserved 1048576K
}
Event: 5.969 GC heap before
{Heap before GC invocations=3 (full 0):
 garbage-first heap   total 133120K, used 80028K [0x0000000780000000, 0x0000000800000000)
  region size 1024K, 76 young (77824K), 5 survivors (5120K)
 Metaspace       used 16113K, capacity 17638K, committed 18048K, reserved 1064960K
  class space    used 1861K, capacity 2100K, committed 2176K, reserved 1048576K
}
Event: 5.985 GC heap after
{Heap after GC invocations=4 (full 0):
 garbage-first heap   total 133120K, used 10488K [0x0000000780000000, 0x0000000800000000)
  region size 1024K, 7 young (7168K), 7 survivors (7168K)
 Metaspace       used 16113K, capacity 17638K, committed 18048K, reserved 1064960K
  class space    used 1861K, capacity 2100K, committed 2176K, reserved 1048576K
}
Event: 6.291 GC heap before
{Heap before GC invocations=4 (full 0):
 garbage-first heap   total 133120K, used 20728K [0x0000000780000000, 0x0000000800000000)
  region size 1024K, 19 young (19456K), 7 survivors (7168K)
 Metaspace       used 19677K, capacity 21001K, committed 21248K, reserved 1069056K
  class space    used 2308K, capacity 2522K, committed 2560K, reserved 1048576K
}
Event: 6.308 GC heap after
{Heap after GC invocations=5 (full 0):
 garbage-first heap   total 159744K, used 11267K [0x0000000780000000, 0x0000000800000000)
  region size 1024K, 3 young (3072K), 3 survivors (3072K)
 Metaspace       used 19677K, capacity 21001K, committed 21248K, reserved 1069056K
  class space    used 2308K, capacity 2522K, committed 2560K, reserved 1048576K
}
Event: 7.555 GC heap before
{Heap before GC invocations=6 (full 0):
 garbage-first heap   total 48128K, used 35843K [0x0000000780000000, 0x0000000800000000)
  region size 1024K, 28 young (28672K), 3 survivors (3072K)
 Metaspace       used 22580K, capacity 23242K, committed 23548K, reserved 1071104K
  class space    used 2634K, capacity 2803K, committed 2812K, reserved 1048576K
}
Event: 7.579 GC heap after
{Heap after GC invocations=7 (full 0):
 garbage-first heap   total 49152K, used 18435K [0x0000000780000000, 0x0000000800000000)
  region size 1024K, 4 young (4096K), 4 survivors (4096K)
 Metaspace       used 22580K, capacity 23242K, committed 23548K, reserved 1071104K
  class space    used 2634K, capacity 2803K, committed 2812K, reserved 1048576K
}
Event: 7.654 GC heap before
{Heap before GC invocations=7 (full 0):
 garbage-first heap   total 49152K, used 33795K [0x0000000780000000, 0x0000000800000000)
  region size 1024K, 20 young (20480K), 4 survivors (4096K)
 Metaspace       used 22587K, capacity 23244K, committed 23548K, reserved 1071104K
  class space    used 2634K, capacity 2805K, committed 2812K, reserved 1048576K
}
Event: 7.662 GC heap after
{Heap after GC invocations=8 (full 0):
 garbage-first heap   total 49152K, used 19709K [0x0000000780000000, 0x0000000800000000)
  region size 1024K, 1 young (1024K), 1 survivors (1024K)
 Metaspace       used 22587K, capacity 23244K, committed 23548K, reserved 1071104K
  class space    used 2634K, capacity 2805K, committed 2812K, reserved 1048576K
}
Event: 7.711 GC heap before
{Heap before GC invocations=8 (full 0):
 garbage-first heap   total 49152K, used 34045K [0x0000000780000000, 0x0000000800000000)
  region size 1024K, 16 young (16384K), 1 survivors (1024K)
 Metaspace       used 22587K, capacity 23244K, committed 23548K, reserved 1071104K
  class space    used 2634K, capacity 2805K, committed 2812K, reserved 1048576K
}
Event: 7.714 GC heap after
{Heap after GC invocations=9 (full 0):
 garbage-first heap   total 49152K, used 20733K [0x0000000780000000, 0x0000000800000000)
  region size 1024K, 2 young (2048K), 2 survivors (2048K)
 Metaspace       used 22587K, capacity 23244K, committed 23548K, reserved 1071104K
  class space    used 2634K, capacity 2805K, committed 2812K, reserved 1048576K
}
Event: 7.732 GC heap before
{Heap before GC invocations=9 (full 0):
 garbage-first heap   total 49152K, used 35069K [0x0000000780000000, 0x0000000800000000)
  region size 1024K, 17 young (17408K), 2 survivors (2048K)
 Metaspace       used 22587K, capacity 23244K, committed 23548K, reserved 1071104K
  class space    used 2634K, capacity 2805K, committed 2812K, reserved 1048576K
}
Event: 7.735 GC heap after
{Heap after GC invocations=10 (full 0):
 garbage-first heap   total 49152K, used 20633K [0x0000000780000000, 0x0000000800000000)
  region size 1024K, 2 young (2048K), 2 survivors (2048K)
 Metaspace       used 22587K, capacity 23244K, committed 23548K, reserved 1071104K
  class space    used 2634K, capacity 2805K, committed 2812K, reserved 1048576K
}
Event: 8.024 GC heap before
{Heap before GC invocations=10 (full 0):
 garbage-first heap   total 49152K, used 35993K [0x0000000780000000, 0x0000000800000000)
  region size 1024K, 17 young (17408K), 2 survivors (2048K)
 Metaspace       used 22975K, capacity 23610K, committed 23932K, reserved 1071104K
  class space    used 2676K, capacity 2904K, committed 2940K, reserved 1048576K
}
Event: 8.035 GC heap after
{Heap after GC invocations=11 (full 0):
 garbage-first heap   total 49152K, used 23024K [0x0000000780000000, 0x0000000800000000)
  region size 1024K, 3 young (3072K), 3 survivors (3072K)
 Metaspace       used 22975K, capacity 23610K, committed 23932K, reserved 1071104K
  class space    used 2676K, capacity 2904K, committed 2940K, reserved 1048576K
}
Event: 8.522 GC heap before
{Heap before GC invocations=11 (full 0):
 garbage-first heap   total 49152K, used 35312K [0x0000000780000000, 0x0000000800000000)
  region size 1024K, 16 young (16384K), 3 survivors (3072K)
 Metaspace       used 23465K, capacity 24062K, committed 24188K, reserved 1071104K
  class space    used 2706K, capacity 2925K, committed 2940K, reserved 1048576K
}
Event: 8.537 GC heap after
{Heap after GC invocations=12 (full 0):
 garbage-first heap   total 49152K, used 25589K [0x0000000780000000, 0x0000000800000000)
  region size 1024K, 2 young (2048K), 2 survivors (2048K)
 Metaspace       used 23465K, capacity 24062K, committed 24188K, reserved 1071104K
  class space    used 2706K, capacity 2925K, committed 2940K, reserved 1048576K
}

Deoptimization events (20 events):
Event: 8.491 Thread 0x00007ff57d00d800 DEOPT PACKING pc=0x0000000116b8143b sp=0x0000000107a86b80
Event: 8.491 Thread 0x00007ff57d00d800 DEOPT UNPACKING pc=0x0000000115cc033a sp=0x0000000107a86120 mode 0
Event: 8.506 Thread 0x00007ff57d00d800 DEOPT PACKING pc=0x0000000116b52b58 sp=0x0000000107a85180
Event: 8.506 Thread 0x00007ff57d00d800 DEOPT UNPACKING pc=0x0000000115cc033a sp=0x0000000107a84630 mode 0
Event: 8.587 Thread 0x00007ff57d00d800 DEOPT PACKING pc=0x0000000116b8143b sp=0x0000000107a873c0
Event: 8.587 Thread 0x00007ff57d00d800 DEOPT UNPACKING pc=0x0000000115cc033a sp=0x0000000107a86960 mode 0
Event: 8.657 Thread 0x00007ff57d00d800 DEOPT PACKING pc=0x0000000116b8143b sp=0x0000000107a87200
Event: 8.657 Thread 0x00007ff57d00d800 DEOPT UNPACKING pc=0x0000000115cc033a sp=0x0000000107a867a0 mode 0
Event: 8.727 Thread 0x00007ff57d00d800 Uncommon trap: trap_request=0xffffffc6 fr.pc=0x000000011d86b4e8 relative=0x00000000000003c8
Event: 8.727 Thread 0x00007ff57d00d800 Uncommon trap: reason=bimorphic_or_optimized_type_check action=maybe_recompile pc=0x000000011d86b4e8 method=java.util.HashMap.putVal(ILjava/lang/Object;Ljava/lang/Object;ZZ)Ljava/lang/Object; @ 253 c2
Event: 8.727 Thread 0x00007ff57d00d800 DEOPT PACKING pc=0x000000011d86b4e8 sp=0x0000000107a881e0
Event: 8.727 Thread 0x00007ff57d00d800 DEOPT UNPACKING pc=0x0000000115cbfe25 sp=0x0000000107a88160 mode 2
Event: 8.730 Thread 0x00007ff57d00d800 Uncommon trap: trap_request=0xffffffc6 fr.pc=0x000000011d86b4e8 relative=0x00000000000003c8
Event: 8.730 Thread 0x00007ff57d00d800 Uncommon trap: reason=bimorphic_or_optimized_type_check action=maybe_recompile pc=0x000000011d86b4e8 method=java.util.HashMap.putVal(ILjava/lang/Object;Ljava/lang/Object;ZZ)Ljava/lang/Object; @ 253 c2
Event: 8.730 Thread 0x00007ff57d00d800 DEOPT PACKING pc=0x000000011d86b4e8 sp=0x0000000107a881d0
Event: 8.730 Thread 0x00007ff57d00d800 DEOPT UNPACKING pc=0x0000000115cbfe25 sp=0x0000000107a88150 mode 2
Event: 8.768 Thread 0x00007ff57d00d800 DEOPT PACKING pc=0x0000000116b8143b sp=0x0000000107a86470
Event: 8.768 Thread 0x00007ff57d00d800 DEOPT UNPACKING pc=0x0000000115cc033a sp=0x0000000107a85a10 mode 0
Event: 8.819 Thread 0x00007ff57d00d800 DEOPT PACKING pc=0x0000000116ba515c sp=0x0000000107a86e30
Event: 8.819 Thread 0x00007ff57d00d800 DEOPT UNPACKING pc=0x0000000115cc033a sp=0x0000000107a863e8 mode 0

Classes unloaded (0 events):
No events

Classes redefined (0 events):
No events

Internal exceptions (18 events):
Event: 0.446 Thread 0x00007ff57d00d800 Exception <a 'java/lang/NoSuchMethodError'{0x0000000787d69d88}: 'int java.lang.invoke.DirectMethodHandle$Holder.invokeSpecialIFC(java.lang.Object, java.lang.Object, int)'> (0x0000000787d69d88) 
thrown [./open/src/hotspot/share/interpreter/linkResolver.cpp, line 766]
Event: 2.888 Thread 0x00007ff57d00d800 Exception <a 'java/lang/NoClassDefFoundError'{0x00000007862a5ec0}: com/google/inject/servlet/ServletModuleTargetVisitor> (0x00000007862a5ec0) 
thrown [./open/src/hotspot/share/classfile/systemDictionary.cpp, line 215]
Event: 2.888 Thread 0x00007ff57d00d800 Exception <a 'java/lang/NoClassDefFoundError'{0x00000007862a8870}: javax/annotation/Priority> (0x00000007862a8870) 
thrown [./open/src/hotspot/share/classfile/systemDictionary.cpp, line 215]
Event: 4.377 Thread 0x00007ff57d00d800 Implicit null exception at 0x000000011d7ce105 to 0x000000011d7ce314
Event: 5.889 Thread 0x00007ff57d00d800 Exception <a 'java/lang/NoSuchMethodError'{0x000000078629c958}: 'java.lang.Object java.lang.invoke.DirectMethodHandle$Holder.invokeVirtual(java.lang.Object, java.lang.Object, java.lang.Object)'> (0x000000078629c958) 
thrown [./open/src/hotspot/share/interpreter/linkResolver.cpp, line 766]
Event: 5.891 Thread 0x00007ff57d00d800 Exception <a 'java/lang/NoSuchMethodError'{0x00000007862a2bf0}: 'int java.lang.invoke.DirectMethodHandle$Holder.invokeInterface(java.lang.Object, java.lang.Object)'> (0x00000007862a2bf0) 
thrown [./open/src/hotspot/share/interpreter/linkResolver.cpp, line 766]
Event: 6.033 Thread 0x00007ff57d00d800 Exception <a 'java/lang/NoSuchMethodError'{0x0000000787610c38}: 'void java.lang.invoke.DirectMethodHandle$Holder.invokeSpecial(java.lang.Object, java.lang.Object, java.lang.Object, java.lang.Object)'> (0x0000000787610c38) 
thrown [./open/src/hotspot/share/interpreter/linkResolver.cpp, line 766]
Event: 6.035 Thread 0x00007ff57d00d800 Exception <a 'java/lang/NoSuchMethodError'{0x00000007876199e8}: 'int java.lang.invoke.DirectMethodHandle$Holder.invokeVirtual(java.lang.Object, java.lang.Object, java.lang.Object)'> (0x00000007876199e8) 
thrown [./open/src/hotspot/share/interpreter/linkResolver.cpp, line 766]
Event: 6.173 Thread 0x00007ff57d00d800 Exception <a 'java/lang/NoSuchMethodError'{0x000000078755a4a0}: 'int java.lang.invoke.DirectMethodHandle$Holder.invokeStaticInit(java.lang.Object, java.lang.Object)'> (0x000000078755a4a0) 
thrown [./open/src/hotspot/share/interpreter/linkResolver.cpp, line 766]
Event: 6.321 Thread 0x00007ff57d00d800 Exception <a 'java/lang/NoSuchMethodError'{0x000000078990cc90}: 'int java.lang.invoke.DirectMethodHandle$Holder.invokeVirtual(java.lang.Object, java.lang.Object)'> (0x000000078990cc90) 
thrown [./open/src/hotspot/share/interpreter/linkResolver.cpp, line 766]
Event: 6.340 Thread 0x00007ff57d00d800 Exception <a 'java/lang/NoSuchMethodError'{0x0000000789939958}: 'java.lang.Object java.lang.invoke.Invokers$Holder.linkToTargetMethod(java.lang.Object, java.lang.Object, java.lang.Object, java.lang.Object, java.lang.Object, java.lang.Object)'> (0x0000000789939958) 
thrown [./open/src/hotspot/share/interpreter/linkResolver.cpp, line 766]
Event: 7.802 Thread 0x00007ff57d00d800 Exception <a 'java/lang/NoSuchMethodError'{0x0000000787203c30}: 'int java.lang.invoke.DirectMethodHandle$Holder.invokeSpecial(java.lang.Object, java.lang.Object, java.lang.Object, java.lang.Object, java.lang.Object)'> (0x0000000787203c30) 
thrown [./open/src/hotspot/share/interpreter/linkResolver.cpp, line 766]
Event: 7.959 Thread 0x00007ff57d00d800 Exception <a 'java/lang/NoSuchMethodError'{0x00000007822424f0}: 'java.lang.Object java.lang.invoke.DirectMethodHandle$Holder.invokeStatic(java.lang.Object, java.lang.Object, int, int)'> (0x00000007822424f0) 
thrown [./open/src/hotspot/share/interpreter/linkResolver.cpp, line 766]
Event: 8.005 Thread 0x00007ff57d00d800 Exception <a 'java/lang/NoSuchMethodError'{0x0000000781e4acc8}: 'java.lang.Object java.lang.invoke.DirectMethodHandle$Holder.invokeVirtual(java.lang.Object, java.lang.Object, java.lang.Object, int, int)'> (0x0000000781e4acc8) 
thrown [./open/src/hotspot/share/interpreter/linkResolver.cpp, line 766]
Event: 8.007 Thread 0x00007ff57d00d800 Exception <a 'java/lang/NoSuchMethodError'{0x0000000781e5b890}: 'java.lang.Object java.lang.invoke.DirectMethodHandle$Holder.invokeVirtual(java.lang.Object, java.lang.Object, int)'> (0x0000000781e5b890) 
thrown [./open/src/hotspot/share/interpreter/linkResolver.cpp, line 766]
Event: 8.104 Thread 0x00007ff57d00d800 Exception <a 'java/lang/NoSuchMethodError'{0x0000000787183708}: 'void java.lang.invoke.DirectMethodHandle$Holder.invokeSpecial(java.lang.Object, java.lang.Object, java.lang.Object, java.lang.Object, java.lang.Object)'> (0x0000000787183708) 
thrown [./open/src/hotspot/share/interpreter/linkResolver.cpp, line 766]
Event: 8.815 Thread 0x00007ff57d00d800 Exception <a 'java/lang/NoSuchMethodError'{0x00000007871ada28}: 'void java.lang.invoke.DirectMethodHandle$Holder.invokeVirtual(java.lang.Object, java.lang.Object)'> (0x00000007871ada28) 
thrown [./open/src/hotspot/share/interpreter/linkResolver.cpp, line 766]
Event: 8.827 Thread 0x00007ff57d00d800 Exception <a 'java/lang/NoSuchMethodError'{0x00000007871c5018}: 'int java.lang.invoke.DirectMethodHandle$Holder.invokeSpecial(java.lang.Object, java.lang.Object, java.lang.Object, java.lang.Object)'> (0x00000007871c5018) 
thrown [./open/src/hotspot/share/interpreter/linkResolver.cpp, line 766]

Events (20 events):
Event: 8.679 loading class java/util/stream/MatchOps$MatchOp
Event: 8.679 loading class java/util/stream/MatchOps$MatchOp done
Event: 8.680 loading class java/util/stream/MatchOps$BooleanTerminalSink
Event: 8.680 loading class java/util/stream/MatchOps$BooleanTerminalSink done
Event: 8.680 loading class java/util/stream/MatchOps$1MatchSink
Event: 8.680 loading class java/util/stream/MatchOps$1MatchSink done
Event: 8.682 loading class java/util/stream/ReduceOps$1
Event: 8.682 loading class java/util/stream/ReduceOps$1 done
Event: 8.682 loading class java/util/stream/ReduceOps$1ReducingSink
Event: 8.682 loading class java/util/stream/ReduceOps$1ReducingSink done
Event: 8.746 loading class java/util/function/ToIntBiFunction
Event: 8.746 loading class java/util/function/ToIntBiFunction done
Event: 8.752 loading class java/nio/channels/Channels$1
Event: 8.752 loading class java/nio/channels/Channels$1 done
Event: 8.755 loading class sun/nio/fs/UnixUriUtils
Event: 8.756 loading class sun/nio/fs/UnixUriUtils done
Event: 8.819 Executing VM operation: HandshakeAllThreads
Event: 8.819 Executing VM operation: HandshakeAllThreads done
Event: 8.873 Executing VM operation: ICBufferFull
Event: 8.873 Executing VM operation: ICBufferFull done


Dynamic libraries:
0x00007fff7dbf5000 	/usr/lib/libz.1.dylib
0x00000001062e4000 	/Library/Java/JavaVirtualMachines/jdk-14.0.1.jdk/Contents/Home/lib/libjli.dylib
0x00007fff555d2000 	/System/Library/Frameworks/Cocoa.framework/Versions/A/Cocoa
0x00007fff61c35000 	/System/Library/Frameworks/Security.framework/Versions/A/Security
0x00007fff54210000 	/System/Library/Frameworks/ApplicationServices.framework/Versions/A/ApplicationServices
0x00007fff7baa3000 	/usr/lib/libSystem.B.dylib
0x00007fff7dca3000 	/usr/lib/system/libcache.dylib
0x00007fff7dca8000 	/usr/lib/system/libcommonCrypto.dylib
0x00007fff7dcb3000 	/usr/lib/system/libcompiler_rt.dylib
0x00007fff7dcbb000 	/usr/lib/system/libcopyfile.dylib
0x00007fff7dcc5000 	/usr/lib/system/libcorecrypto.dylib
0x00007fff7ddd2000 	/usr/lib/system/libdispatch.dylib
0x00007fff7de0c000 	/usr/lib/system/libdyld.dylib
0x00007fff7de2a000 	/usr/lib/system/libkeymgr.dylib
0x00007fff7de38000 	/usr/lib/system/liblaunch.dylib
0x00007fff7de39000 	/usr/lib/system/libmacho.dylib
0x00007fff7de3e000 	/usr/lib/system/libquarantine.dylib
0x00007fff7de41000 	/usr/lib/system/libremovefile.dylib
0x00007fff7de43000 	/usr/lib/system/libsystem_asl.dylib
0x00007fff7de5b000 	/usr/lib/system/libsystem_blocks.dylib
0x00007fff7de5c000 	/usr/lib/system/libsystem_c.dylib
0x00007fff7dee6000 	/usr/lib/system/libsystem_configuration.dylib
0x00007fff7deea000 	/usr/lib/system/libsystem_coreservices.dylib
0x00007fff7deee000 	/usr/lib/system/libsystem_darwin.dylib
0x00007fff7def0000 	/usr/lib/system/libsystem_dnssd.dylib
0x00007fff7def7000 	/usr/lib/system/libsystem_info.dylib
0x00007fff7df68000 	/usr/lib/system/libsystem_m.dylib
0x00007fff7dfb4000 	/usr/lib/system/libsystem_malloc.dylib
0x00007fff7dfd4000 	/usr/lib/system/libsystem_network.dylib
0x00007fff7e105000 	/usr/lib/system/libsystem_networkextension.dylib
0x00007fff7e110000 	/usr/lib/system/libsystem_notify.dylib
0x00007fff7e12e000 	/usr/lib/system/libsystem_sandbox.dylib
0x00007fff7e132000 	/usr/lib/system/libsystem_secinit.dylib
0x00007fff7df41000 	/usr/lib/system/libsystem_kernel.dylib
0x00007fff7e11a000 	/usr/lib/system/libsystem_platform.dylib
0x00007fff7e122000 	/usr/lib/system/libsystem_pthread.dylib
0x00007fff7e134000 	/usr/lib/system/libsystem_symptoms.dylib
0x00007fff7e13c000 	/usr/lib/system/libsystem_trace.dylib
0x00007fff7e152000 	/usr/lib/system/libunwind.dylib
0x00007fff7e158000 	/usr/lib/system/libxpc.dylib
0x00007fff7b569000 	/usr/lib/closure/libclosured.dylib
0x00007fff7d1de000 	/usr/lib/libobjc.A.dylib
0x00007fff7bdb2000 	/usr/lib/libc++abi.dylib
0x00007fff7bd5b000 	/usr/lib/libc++.1.dylib
0x00007fff55d93000 	/System/Library/Frameworks/CoreFoundation.framework/Versions/A/CoreFoundation
0x00007fff57f0f000 	/System/Library/Frameworks/Foundation.framework/Versions/C/Foundation
0x00007fff53360000 	/System/Library/Frameworks/AppKit.framework/Versions/C/AppKit
0x00007fff5594a000 	/System/Library/Frameworks/CoreData.framework/Versions/A/CoreData
0x00007fff75356000 	/System/Library/PrivateFrameworks/RemoteViewServices.framework/Versions/A/RemoteViewServices
0x00007fff79ad4000 	/System/Library/PrivateFrameworks/UIFoundation.framework/Versions/A/UIFoundation
0x00007fff6a14e000 	/System/Library/PrivateFrameworks/DFRFoundation.framework/Versions/A/DFRFoundation
0x00007fff5a594000 	/System/Library/Frameworks/Metal.framework/Versions/A/Metal
0x00007fff6a2eb000 	/System/Library/PrivateFrameworks/DesktopServicesPriv.framework/Versions/A/DesktopServicesPriv
0x00007fff7c72b000 	/usr/lib/libenergytrace.dylib
0x00007fff77b3e000 	/System/Library/PrivateFrameworks/SkyLight.framework/Versions/A/SkyLight
0x00007fff56231000 	/System/Library/Frameworks/CoreGraphics.framework/Versions/A/CoreGraphics
0x00007fff7ba9e000 	/usr/lib/libScreenReader.dylib
0x00007fff52072000 	/System/Library/Frameworks/Accelerate.framework/Versions/A/Accelerate
0x00007fff5868a000 	/System/Library/Frameworks/IOSurface.framework/Versions/A/IOSurface
0x00007fff5475b000 	/System/Library/Frameworks/AudioToolbox.framework/Versions/A/AudioToolbox
0x00007fff549eb000 	/System/Library/Frameworks/AudioUnit.framework/Versions/A/AudioUnit
0x00007fff6a1e6000 	/System/Library/PrivateFrameworks/DataDetectorsCore.framework/Versions/A/DataDetectorsCore
0x00007fff550c5000 	/System/Library/Frameworks/Carbon.framework/Versions/A/Frameworks/HIToolbox.framework/Versions/A/HIToolbox
0x00007fff7c885000 	/usr/lib/libicucore.A.dylib
0x00007fff611b1000 	/System/Library/Frameworks/QuartzCore.framework/Versions/A/QuartzCore
0x00007fff76ddf000 	/System/Library/PrivateFrameworks/SignpostNotification.framework/Versions/A/SignpostNotification
0x00007fff554ab000 	/System/Library/Frameworks/Carbon.framework/Versions/A/Frameworks/SpeechRecognition.framework/Versions/A/SpeechRecognition
0x00007fff7bc81000 	/usr/lib/libauto.dylib
0x00007fff7dae4000 	/usr/lib/libxml2.2.dylib
0x00007fff69d9e000 	/System/Library/PrivateFrameworks/CoreUI.framework/Versions/A/CoreUI
0x00007fff55826000 	/System/Library/Frameworks/CoreAudio.framework/Versions/A/CoreAudio
0x00007fff57d49000 	/System/Library/Frameworks/DiskArbitration.framework/Versions/A/DiskArbitration
0x00007fff7caf9000 	/usr/lib/liblangid.dylib
0x00007fff7185a000 	/System/Library/PrivateFrameworks/MultitouchSupport.framework/Versions/A/MultitouchSupport
0x00007fff585ed000 	/System/Library/Frameworks/IOKit.framework/Versions/A/IOKit
0x00007fff7b72d000 	/usr/lib/libDiagnosticMessagesClient.dylib
0x00007fff56f26000 	/System/Library/Frameworks/CoreServices.framework/Versions/A/CoreServices
0x00007fff73392000 	/System/Library/PrivateFrameworks/PerformanceAnalysis.framework/Versions/A/PerformanceAnalysis
0x00007fff6034e000 	/System/Library/Frameworks/OpenGL.framework/Versions/A/OpenGL
0x00007fff555e0000 	/System/Library/Frameworks/ColorSync.framework/Versions/A/ColorSync
0x00007fff56862000 	/System/Library/Frameworks/CoreImage.framework/Versions/A/CoreImage
0x00007fff578b7000 	/System/Library/Frameworks/CoreText.framework/Versions/A/CoreText
0x00007fff586e8000 	/System/Library/Frameworks/ImageIO.framework/Versions/A/ImageIO
0x00007fff66a48000 	/System/Library/PrivateFrameworks/Backup.framework/Versions/A/Backup
0x00007fff7bb4f000 	/usr/lib/libarchive.2.dylib
0x00007fff54d0e000 	/System/Library/Frameworks/CFNetwork.framework/Versions/A/CFNetwork
0x00007fff623c8000 	/System/Library/Frameworks/SystemConfiguration.framework/Versions/A/SystemConfiguration
0x00007fff7b656000 	/usr/lib/libCRFSuite.dylib
0x00007fff7bd3c000 	/usr/lib/libbsm.0.dylib
0x00007fff7de2b000 	/usr/lib/system/libkxld.dylib
0x00007fff7b967000 	/usr/lib/libOpenScriptingUtil.dylib
0x00007fff7c0ab000 	/usr/lib/libcoretls.dylib
0x00007fff7c0c4000 	/usr/lib/libcoretls_cfhelpers.dylib
0x00007fff7d5e2000 	/usr/lib/libpam.2.dylib
0x00007fff7d70d000 	/usr/lib/libsqlite3.dylib
0x00007fff7dad3000 	/usr/lib/libxar.1.dylib
0x00007fff7bd4d000 	/usr/lib/libbz2.1.0.dylib
0x00007fff7cafb000 	/usr/lib/liblzma.5.dylib
0x00007fff7cfdc000 	/usr/lib/libnetwork.dylib
0x00007fff7bb38000 	/usr/lib/libapple_nghttp2.dylib
0x00007fff7d5e9000 	/usr/lib/libpcap.A.dylib
0x00007fff7bc82000 	/usr/lib/libboringssl.dylib
0x00007fff7da6e000 	/usr/lib/libusrtcp.dylib
0x00007fff7bb37000 	/usr/lib/libapple_crypto.dylib
0x00007fff572a9000 	/System/Library/Frameworks/CoreServices.framework/Versions/A/Frameworks/FSEvents.framework/Versions/A/FSEvents
0x00007fff56f9c000 	/System/Library/Frameworks/CoreServices.framework/Versions/A/Frameworks/CarbonCore.framework/Versions/A/CarbonCore
0x00007fff57471000 	/System/Library/Frameworks/CoreServices.framework/Versions/A/Frameworks/Metadata.framework/Versions/A/Metadata
0x00007fff57522000 	/System/Library/Frameworks/CoreServices.framework/Versions/A/Frameworks/OSServices.framework/Versions/A/OSServices
0x00007fff57583000 	/System/Library/Frameworks/CoreServices.framework/Versions/A/Frameworks/SearchKit.framework/Versions/A/SearchKit
0x00007fff56f27000 	/System/Library/Frameworks/CoreServices.framework/Versions/A/Frameworks/AE.framework/Versions/A/AE
0x00007fff572b2000 	/System/Library/Frameworks/CoreServices.framework/Versions/A/Frameworks/LaunchServices.framework/Versions/A/LaunchServices
0x00007fff57274000 	/System/Library/Frameworks/CoreServices.framework/Versions/A/Frameworks/DictionaryServices.framework/Versions/A/DictionaryServices
0x00007fff575f2000 	/System/Library/Frameworks/CoreServices.framework/Versions/A/Frameworks/SharedFileList.framework/Versions/A/SharedFileList
0x00007fff5b7ca000 	/System/Library/Frameworks/NetFS.framework/Versions/A/NetFS
0x00007fff71aeb000 	/System/Library/PrivateFrameworks/NetAuth.framework/Versions/A/NetAuth
0x00007fff7b400000 	/System/Library/PrivateFrameworks/login.framework/Versions/A/Frameworks/loginsupport.framework/Versions/A/loginsupport
0x00007fff79751000 	/System/Library/PrivateFrameworks/TCC.framework/Versions/A/TCC
0x00007fff7cbdc000 	/usr/lib/libmecabra.dylib
0x00007fff54211000 	/System/Library/Frameworks/ApplicationServices.framework/Versions/A/Frameworks/ATS.framework/Versions/A/ATS
0x00007fff545c0000 	/System/Library/Frameworks/ApplicationServices.framework/Versions/A/Frameworks/ColorSyncLegacy.framework/Versions/A/ColorSyncLegacy
0x00007fff54664000 	/System/Library/Frameworks/ApplicationServices.framework/Versions/A/Frameworks/HIServices.framework/Versions/A/HIServices
0x00007fff546b7000 	/System/Library/Frameworks/ApplicationServices.framework/Versions/A/Frameworks/LangAnalysis.framework/Versions/A/LangAnalysis
0x00007fff546c6000 	/System/Library/Frameworks/ApplicationServices.framework/Versions/A/Frameworks/PrintCore.framework/Versions/A/PrintCore
0x00007fff54713000 	/System/Library/Frameworks/ApplicationServices.framework/Versions/A/Frameworks/QD.framework/Versions/A/QD
0x00007fff5474e000 	/System/Library/Frameworks/ApplicationServices.framework/Versions/A/Frameworks/SpeechSynthesis.framework/Versions/A/SpeechSynthesis
0x00007fff55caf000 	/System/Library/Frameworks/CoreDisplay.framework/Versions/A/CoreDisplay
0x00007fff5208b000 	/System/Library/Frameworks/Accelerate.framework/Versions/A/Frameworks/vImage.framework/Versions/A/vImage
0x00007fff5306c000 	/System/Library/Frameworks/Accelerate.framework/Versions/A/Frameworks/vecLib.framework/Versions/A/vecLib
0x00007fff52e41000 	/System/Library/Frameworks/Accelerate.framework/Versions/A/Frameworks/vecLib.framework/Versions/A/libvDSP.dylib
0x00007fff5297b000 	/System/Library/Frameworks/Accelerate.framework/Versions/A/Frameworks/vecLib.framework/Versions/A/libBNNS.dylib
0x00007fff52da7000 	/System/Library/Frameworks/Accelerate.framework/Versions/A/Frameworks/vecLib.framework/Versions/A/libQuadrature.dylib
0x00007fff52fb5000 	/System/Library/Frameworks/Accelerate.framework/Versions/A/Frameworks/vecLib.framework/Versions/A/libvMisc.dylib
0x00007fff529b6000 	/System/Library/Frameworks/Accelerate.framework/Versions/A/Frameworks/vecLib.framework/Versions/A/libLAPACK.dylib
0x00007fff527da000 	/System/Library/Frameworks/Accelerate.framework/Versions/A/Frameworks/vecLib.framework/Versions/A/libBLAS.dylib
0x00007fff52d90000 	/System/Library/Frameworks/Accelerate.framework/Versions/A/Frameworks/vecLib.framework/Versions/A/libLinearAlgebra.dylib
0x00007fff52dad000 	/System/Library/Frameworks/Accelerate.framework/Versions/A/Frameworks/vecLib.framework/Versions/A/libSparse.dylib
0x00007fff52e2e000 	/System/Library/Frameworks/Accelerate.framework/Versions/A/Frameworks/vecLib.framework/Versions/A/libSparseBLAS.dylib
0x00007fff6e925000 	/System/Library/PrivateFrameworks/GPUWrangler.framework/Versions/A/GPUWrangler
0x00007fff700b9000 	/System/Library/PrivateFrameworks/IOAccelerator.framework/Versions/A/IOAccelerator
0x00007fff700c4000 	/System/Library/PrivateFrameworks/IOPresentment.framework/Versions/A/IOPresentment
0x00007fff6a160000 	/System/Library/PrivateFrameworks/DSExternalDisplay.framework/Versions/A/DSExternalDisplay
0x00007fff5f7cd000 	/System/Library/Frameworks/OpenGL.framework/Versions/A/Libraries/libCoreFSCache.dylib
0x00007fff57a08000 	/System/Library/Frameworks/CoreVideo.framework/Versions/A/CoreVideo
0x00007fff6f6a0000 	/System/Library/PrivateFrameworks/GraphVisualizer.framework/Versions/A/GraphVisualizer
0x00007fff5a7cb000 	/System/Library/Frameworks/MetalPerformanceShaders.framework/Versions/A/MetalPerformanceShaders
0x00007fff7b765000 	/usr/lib/libFosl_dynamic.dylib
0x00007fff6b22f000 	/System/Library/PrivateFrameworks/FaceCore.framework/Versions/A/FaceCore
0x00007fff5e5c8000 	/System/Library/Frameworks/OpenCL.framework/Versions/A/OpenCL
0x00007fff7bde9000 	/usr/lib/libcompression.dylib
0x00007fff54310000 	/System/Library/Frameworks/ApplicationServices.framework/Versions/A/Frameworks/ATS.framework/Versions/A/Resources/libFontParser.dylib
0x00007fff54433000 	/System/Library/Frameworks/ApplicationServices.framework/Versions/A/Frameworks/ATS.framework/Versions/A/Resources/libFontRegistry.dylib
0x00007fff58954000 	/System/Library/Frameworks/ImageIO.framework/Versions/A/Resources/libJPEG.dylib
0x00007fff58c92000 	/System/Library/Frameworks/ImageIO.framework/Versions/A/Resources/libTIFF.dylib
0x00007fff58c68000 	/System/Library/Frameworks/ImageIO.framework/Versions/A/Resources/libPng.dylib
0x00007fff58867000 	/System/Library/Frameworks/ImageIO.framework/Versions/A/Resources/libGIF.dylib
0x00007fff5886c000 	/System/Library/Frameworks/ImageIO.framework/Versions/A/Resources/libJP2.dylib
0x00007fff58c8f000 	/System/Library/Frameworks/ImageIO.framework/Versions/A/Resources/libRadiance.dylib
0x00007fff66172000 	/System/Library/PrivateFrameworks/AppleJPEG.framework/Versions/A/AppleJPEG
0x00007fff5a632000 	/System/Library/Frameworks/MetalPerformanceShaders.framework/Frameworks/MPSCore.framework/Versions/A/MPSCore
0x00007fff5a64e000 	/System/Library/Frameworks/MetalPerformanceShaders.framework/Frameworks/MPSImage.framework/Versions/A/MPSImage
0x00007fff5a6e3000 	/System/Library/Frameworks/MetalPerformanceShaders.framework/Frameworks/MPSNeuralNetwork.framework/Versions/A/MPSNeuralNetwork
0x00007fff5a6be000 	/System/Library/Frameworks/MetalPerformanceShaders.framework/Frameworks/MPSMatrix.framework/Versions/A/MPSMatrix
0x00007fff715bc000 	/System/Library/PrivateFrameworks/MetalTools.framework/Versions/A/MetalTools
0x00007fff5f998000 	/System/Library/Frameworks/OpenGL.framework/Versions/A/Libraries/libGLU.dylib
0x00007fff5f7d8000 	/System/Library/Frameworks/OpenGL.framework/Versions/A/Libraries/libGFXShared.dylib
0x00007fff5f7e2000 	/System/Library/Frameworks/OpenGL.framework/Versions/A/Libraries/libGL.dylib
0x00007fff5f7ee000 	/System/Library/Frameworks/OpenGL.framework/Versions/A/Libraries/libGLImage.dylib
0x00007fff5f7ca000 	/System/Library/Frameworks/OpenGL.framework/Versions/A/Libraries/libCVMSPluginSupport.dylib
0x00007fff5f7d3000 	/System/Library/Frameworks/OpenGL.framework/Versions/A/Libraries/libCoreVMClient.dylib
0x00007fff7c596000 	/usr/lib/libcups.2.dylib
0x00007fff59b99000 	/System/Library/Frameworks/Kerberos.framework/Versions/A/Kerberos
0x00007fff58347000 	/System/Library/Frameworks/GSS.framework/Versions/A/GSS
0x00007fff7d6a0000 	/usr/lib/libresolv.9.dylib
0x00007fff7c793000 	/usr/lib/libiconv.2.dylib
0x00007fff6f732000 	/System/Library/PrivateFrameworks/Heimdal.framework/Versions/A/Heimdal
0x00007fff7c762000 	/usr/lib/libheimdal-asn1.dylib
0x00007fff5e640000 	/System/Library/Frameworks/OpenDirectory.framework/Versions/A/OpenDirectory
0x00007fff6848b000 	/System/Library/PrivateFrameworks/CommonAuth.framework/Versions/A/CommonAuth
0x00007fff5e623000 	/System/Library/Frameworks/OpenDirectory.framework/Versions/A/Frameworks/CFOpenDirectory.framework/Versions/A/CFOpenDirectory
0x00007fff61f61000 	/System/Library/Frameworks/SecurityFoundation.framework/Versions/A/SecurityFoundation
0x00007fff65335000 	/System/Library/PrivateFrameworks/APFS.framework/Versions/A/APFS
0x00007fff7dacf000 	/usr/lib/libutil.dylib
0x00007fff661f5000 	/System/Library/PrivateFrameworks/AppleSauce.framework/Versions/A/AppleSauce
0x00007fff708a1000 	/System/Library/PrivateFrameworks/LinguisticData.framework/Versions/A/LinguisticData
0x00007fff7cb15000 	/usr/lib/libmarisa.dylib
0x00007fff7085b000 	/System/Library/PrivateFrameworks/Lexicon.framework/Versions/A/Lexicon
0x00007fff7b690000 	/usr/lib/libChineseTokenizer.dylib
0x00007fff7bdd8000 	/usr/lib/libcmph.dylib
0x00007fff70765000 	/System/Library/PrivateFrameworks/LanguageModeling.framework/Versions/A/LanguageModeling
0x00007fff68fa8000 	/System/Library/PrivateFrameworks/CoreEmoji.framework/Versions/A/CoreEmoji
0x00007fff6201f000 	/System/Library/Frameworks/ServiceManagement.framework/Versions/A/ServiceManagement
0x00007fff66a40000 	/System/Library/PrivateFrameworks/BackgroundTaskManagement.framework/Versions/A/BackgroundTaskManagement
0x00007fff7dbcc000 	/usr/lib/libxslt.1.dylib
0x00007fff553d5000 	/System/Library/Frameworks/Carbon.framework/Versions/A/Frameworks/Ink.framework/Versions/A/Ink
0x00007fff79966000 	/System/Library/PrivateFrameworks/TextureIO.framework/Versions/A/TextureIO
0x00007fff7bb7a000 	/usr/lib/libate.dylib
0x00007fff6a0bf000 	/System/Library/PrivateFrameworks/CrashReporterSupport.framework/Versions/A/CrashReporterSupport
0x00007fff76c9f000 	/System/Library/PrivateFrameworks/Sharing.framework/Versions/A/Sharing
0x00007fff704a6000 	/System/Library/PrivateFrameworks/IconServices.framework/Versions/A/IconServices
0x00007fff66670000 	/System/Library/PrivateFrameworks/AuthKit.framework/Versions/A/AuthKit
0x00007fff65ff5000 	/System/Library/PrivateFrameworks/Apple80211.framework/Versions/A/Apple80211
0x00007fff69ed4000 	/System/Library/PrivateFrameworks/CoreUtils.framework/Versions/A/CoreUtils
0x00007fff57a43000 	/System/Library/Frameworks/CoreWLAN.framework/Versions/A/CoreWLAN
0x00007fff58489000 	/System/Library/Frameworks/IOBluetooth.framework/Versions/A/IOBluetooth
0x00007fff75161000 	/System/Library/PrivateFrameworks/ProtocolBuffer.framework/Versions/A/ProtocolBuffer
0x00007fff717b5000 	/System/Library/PrivateFrameworks/MobileKeyBag.framework/Versions/A/MobileKeyBag
0x00007fff6974c000 	/System/Library/PrivateFrameworks/CorePhoneNumbers.framework/Versions/A/CorePhoneNumbers
0x00007fff6612d000 	/System/Library/PrivateFrameworks/AppleIDAuthSupport.framework/Versions/A/AppleIDAuthSupport
0x00007fff70751000 	/System/Library/PrivateFrameworks/KeychainCircle.framework/Versions/A/KeychainCircle
0x00007fff6a05a000 	/System/Library/PrivateFrameworks/CoreWiFi.framework/Versions/A/CoreWiFi
0x00007fff55920000 	/System/Library/Frameworks/CoreBluetooth.framework/Versions/A/CoreBluetooth
0x00007fff6a2aa000 	/System/Library/PrivateFrameworks/DebugSymbols.framework/Versions/A/DebugSymbols
0x00007fff69c8a000 	/System/Library/PrivateFrameworks/CoreSymbolication.framework/Versions/A/CoreSymbolication
0x00007fff79157000 	/System/Library/PrivateFrameworks/Symbolication.framework/Versions/A/Symbolication
0x00007fff6601f000 	/System/Library/PrivateFrameworks/AppleFSCompression.framework/Versions/A/AppleFSCompression
0x00007fff785a4000 	/System/Library/PrivateFrameworks/SpeechRecognitionCore.framework/Versions/A/SpeechRecognitionCore
0x0000000106c00000 	/Library/Java/JavaVirtualMachines/jdk-14.0.1.jdk/Contents/Home/lib/server/libjvm.dylib
0x0000000106314000 	/Library/Java/JavaVirtualMachines/jdk-14.0.1.jdk/Contents/Home/lib/libjimage.dylib
0x0000000106369000 	/Library/Java/JavaVirtualMachines/jdk-14.0.1.jdk/Contents/Home/lib/libjava.dylib
0x0000000106391000 	/Library/Java/JavaVirtualMachines/jdk-14.0.1.jdk/Contents/Home/lib/libzip.dylib
0x000000010d1bd000 	/Library/Java/JavaVirtualMachines/jdk-14.0.1.jdk/Contents/Home/lib/libnio.dylib
0x000000010d1d0000 	/Library/Java/JavaVirtualMachines/jdk-14.0.1.jdk/Contents/Home/lib/./libnet.dylib
0x000000010d270000 	/Library/Java/JavaVirtualMachines/jdk-14.0.1.jdk/Contents/Home/lib/libverify.dylib
0x00000001063f7000 	/usr/local/Cellar/maven/3.6.3_1/libexec/lib/jansi-native/osx/libjansi.jnilib


VM Arguments:
jvm_args: -Dclassworlds.conf=/usr/local/Cellar/maven/3.6.3_1/libexec/bin/m2.conf -Dmaven.home=/usr/local/Cellar/maven/3.6.3_1/libexec -Dlibrary.jansi.path=/usr/local/Cellar/maven/3.6.3_1/libexec/lib/jansi-native -Dmaven.multiModuleProjectDirectory=/Users/everton/Documents/_Work/dsd-jsf-master/dsd-jsf 
java_command: org.codehaus.plexus.classworlds.launcher.Launcher -Dnetbeans.deploy=true -Dmaven.ext.class.path=/Applications/NetBeans/Apache NetBeans 12.0.app/Contents/Resources/NetBeans/netbeans/java/maven-nblib/netbeans-eventspy.jar package
java_class_path (initial): /usr/local/Cellar/maven/3.6.3_1/libexec/boot/plexus-classworlds-2.6.0.jar
Launcher Type: SUN_STANDARD

[Global flags]
     intx CICompilerCount                          = 3                                         {product} {ergonomic}
     uint ConcGCThreads                            = 1                                         {product} {ergonomic}
     uint G1ConcRefinementThreads                  = 4                                         {product} {ergonomic}
   size_t G1HeapRegionSize                         = 1048576                                   {product} {ergonomic}
    uintx GCDrainStackTargetSize                   = 64                                        {product} {ergonomic}
   size_t InitialHeapSize                          = 134217728                                 {product} {ergonomic}
   size_t MarkStackSize                            = 4194304                                   {product} {ergonomic}
   size_t MaxHeapSize                              = 2147483648                                {product} {ergonomic}
   size_t MaxNewSize                               = 1287651328                                {product} {ergonomic}
   size_t MinHeapDeltaBytes                        = 1048576                                   {product} {ergonomic}
   size_t MinHeapSize                              = 8388608                                   {product} {ergonomic}
    uintx NonNMethodCodeHeapSize                   = 5832780                                {pd product} {ergonomic}
    uintx NonProfiledCodeHeapSize                  = 122912730                              {pd product} {ergonomic}
    uintx ProfiledCodeHeapSize                     = 122912730                              {pd product} {ergonomic}
    uintx ReservedCodeCacheSize                    = 251658240                              {pd product} {ergonomic}
     bool SegmentedCodeCache                       = true                                      {product} {ergonomic}
   size_t SoftMaxHeapSize                          = 2147483648                             {manageable} {ergonomic}
     bool UseCompressedClassPointers               = true                                 {lp64_product} {ergonomic}
     bool UseCompressedOops                        = true                                 {lp64_product} {ergonomic}
     bool UseG1GC                                  = true                                      {product} {ergonomic}

Logging:
Log output configuration:
 #0: stdout all=warning uptime,level,tags
 #1: stderr all=off uptime,level,tags

Environment Variables:
JAVA_HOME=/Library/Java/JavaVirtualMachines/jdk-14.0.1.jdk/Contents/Home
PATH=/usr/bin:/bin:/usr/sbin:/sbin
SHELL=/bin/bash

Signal Handlers:
SIGSEGV: [libjvm.dylib+0x741570], sa_mask[0]=11111111011111110111111111111111, sa_flags=SA_ONSTACK|SA_RESTART|SA_SIGINFO
SIGBUS: [libjvm.dylib+0x741570], sa_mask[0]=11111111011111110111111111111111, sa_flags=SA_RESTART|SA_SIGINFO
SIGFPE: [libjvm.dylib+0x741570], sa_mask[0]=11111111011111110111111111111111, sa_flags=SA_RESTART|SA_SIGINFO
SIGPIPE: [libjvm.dylib+0x5eb393], sa_mask[0]=11111111011111110111111111111111, sa_flags=SA_RESTART|SA_SIGINFO
SIGXFSZ: [libjvm.dylib+0x5eb393], sa_mask[0]=11111111011111110111111111111111, sa_flags=SA_RESTART|SA_SIGINFO
SIGILL: [libjvm.dylib+0x741570], sa_mask[0]=11111111011111110111111111111111, sa_flags=SA_RESTART|SA_SIGINFO
SIGUSR2: [libjvm.dylib+0x5eb965], sa_mask[0]=00100000000000000000000000000000, sa_flags=SA_RESTART|SA_SIGINFO
SIGHUP: [libjvm.dylib+0x5ea9c7], sa_mask[0]=11111111011111110111111111111111, sa_flags=SA_RESTART|SA_SIGINFO
SIGINT: SIG_IGN, sa_mask[0]=00000000000000000000000000000000, sa_flags=none
SIGTERM: [libjvm.dylib+0x5ea9c7], sa_mask[0]=11111111011111110111111111111111, sa_flags=SA_RESTART|SA_SIGINFO
SIGQUIT: [libjvm.dylib+0x5ea9c7], sa_mask[0]=11111111011111110111111111111111, sa_flags=SA_RESTART|SA_SIGINFO


---------------  S Y S T E M  ---------------

OS:uname:Darwin 17.7.0 Darwin Kernel Version 17.7.0: Thu Jun 18 21:21:34 PDT 2020; root:xnu-4570.71.82.5~1/RELEASE_X86_64 x86_64
OS uptime: 1 days 0:39 hours
rlimit: STACK 8192k, CORE 0k, NPROC 709, NOFILE 10240, AS infinity, DATA infinity, FSIZE infinity
load average:2.55 1.96 2.05

CPU:total 4 (initial active 4) (2 cores per cpu, 2 threads per core) family 6 model 42 stepping 7, cmov, cx8, fxsr, mmx, sse, sse2, sse3, ssse3, sse4.1, sse4.2, popcnt, avx, aes, clmul, ht, tsc, tscinvbit

Memory: 4k page, physical 8388608k(444444k free), swap 1048576k(781568k free)

vm_info: Java HotSpot(TM) 64-Bit Server VM (14.0.1+7) for bsd-amd64 JRE (14.0.1+7), built on Mar  5 2020 10:34:17 by "mach5one" with clang 4.2.1 Compatible Apple LLVM 10.0.0 (clang-1000.11.45.5)

END.
